{"/home/obi-wan/pets/to-do/TO-DO-LIST1/src/components/CalendarView/CalendarView.module.scss": {"path":"/home/obi-wan/pets/to-do/TO-DO-LIST1/src/components/CalendarView/CalendarView.module.scss","statementMap":{},"fnMap":{},"branchMap":{},"s":{},"f":{},"b":{},"meta":{"lastBranch":0,"lastFunction":0,"lastStatement":0,"seen":{}}}
,"/home/obi-wan/pets/to-do/TO-DO-LIST1/src/components/CalendarView/CalendarView.tsx": {"path":"/home/obi-wan/pets/to-do/TO-DO-LIST1/src/components/CalendarView/CalendarView.tsx","statementMap":{"0":{"start":{"line":26,"column":28},"end":{"line":178,"column":null}},"1":{"start":{"line":31,"column":12},"end":{"line":31,"column":null}},"2":{"start":{"line":32,"column":36},"end":{"line":32,"column":null}},"3":{"start":{"line":34,"column":26},"end":{"line":39,"column":null}},"4":{"start":{"line":35,"column":4},"end":{"line":38,"column":null}},"5":{"start":{"line":36,"column":6},"end":{"line":36,"column":null}},"6":{"start":{"line":36,"column":26},"end":{"line":36,"column":null}},"7":{"start":{"line":37,"column":6},"end":{"line":37,"column":null}},"8":{"start":{"line":41,"column":2},"end":{"line":65,"column":null}},"9":{"start":{"line":42,"column":21},"end":{"line":42,"column":null}},"10":{"start":{"line":43,"column":4},"end":{"line":63,"column":null}},"11":{"start":{"line":46,"column":33},"end":{"line":46,"column":75}},"12":{"start":{"line":50,"column":33},"end":{"line":50,"column":75}},"13":{"start":{"line":57,"column":14},"end":{"line":57,"column":null}},"14":{"start":{"line":67,"column":2},"end":{"line":105,"column":null}},"15":{"start":{"line":68,"column":10},"end":{"line":68,"column":null}},"16":{"start":{"line":69,"column":10},"end":{"line":69,"column":null}},"17":{"start":{"line":70,"column":10},"end":{"line":70,"column":null}},"18":{"start":{"line":72,"column":4},"end":{"line":103,"column":null}},"19":{"start":{"line":75,"column":33},"end":{"line":75,"column":75}},"20":{"start":{"line":81,"column":33},"end":{"line":81,"column":75}},"21":{"start":{"line":87,"column":29},"end":{"line":87,"column":null}},"22":{"start":{"line":88,"column":12},"end":{"line":99,"column":null}},"23":{"start":{"line":96,"column":20},"end":{"line":96,"column":null}},"24":{"start":{"line":107,"column":2},"end":{"line":175,"column":null}},"25":{"start":{"line":108,"column":10},"end":{"line":108,"column":null}},"26":{"start":{"line":109,"column":10},"end":{"line":109,"column":null}},"27":{"start":{"line":110,"column":10},"end":{"line":113,"column":null}},"28":{"start":{"line":115,"column":4},"end":{"line":173,"column":null}},"29":{"start":{"line":118,"column":33},"end":{"line":118,"column":77}},"30":{"start":{"line":122,"column":33},"end":{"line":122,"column":76}},"31":{"start":{"line":128,"column":18},"end":{"line":131,"column":null}},"32":{"start":{"line":132,"column":12},"end":{"line":169,"column":null}},"33":{"start":{"line":135,"column":35},"end":{"line":135,"column":null}},"34":{"start":{"line":136,"column":41},"end":{"line":136,"column":null}},"35":{"start":{"line":137,"column":18},"end":{"line":166,"column":null}},"36":{"start":{"line":155,"column":28},"end":{"line":157,"column":null}},"37":{"start":{"line":177,"column":2},"end":{"line":177,"column":null}}},"fnMap":{"0":{"name":"(anonymous_0)","decl":{"start":{"line":26,"column":28},"end":{"line":26,"column":29}},"loc":{"start":{"line":30,"column":25},"end":{"line":178,"column":null}},"line":30},"1":{"name":"(anonymous_1)","decl":{"start":{"line":34,"column":26},"end":{"line":34,"column":27}},"loc":{"start":{"line":34,"column":50},"end":{"line":39,"column":null}},"line":34},"2":{"name":"(anonymous_2)","decl":{"start":{"line":35,"column":24},"end":{"line":35,"column":25}},"loc":{"start":{"line":35,"column":34},"end":{"line":38,"column":5}},"line":35},"3":{"name":"(anonymous_3)","decl":{"start":{"line":46,"column":27},"end":{"line":46,"column":33}},"loc":{"start":{"line":46,"column":33},"end":{"line":46,"column":75}},"line":46},"4":{"name":"(anonymous_4)","decl":{"start":{"line":50,"column":27},"end":{"line":50,"column":33}},"loc":{"start":{"line":50,"column":33},"end":{"line":50,"column":75}},"line":50},"5":{"name":"(anonymous_5)","decl":{"start":{"line":56,"column":25},"end":{"line":56,"column":26}},"loc":{"start":{"line":57,"column":14},"end":{"line":57,"column":null}},"line":57},"6":{"name":"(anonymous_6)","decl":{"start":{"line":75,"column":27},"end":{"line":75,"column":33}},"loc":{"start":{"line":75,"column":33},"end":{"line":75,"column":75}},"line":75},"7":{"name":"(anonymous_7)","decl":{"start":{"line":81,"column":27},"end":{"line":81,"column":33}},"loc":{"start":{"line":81,"column":33},"end":{"line":81,"column":75}},"line":81},"8":{"name":"(anonymous_8)","decl":{"start":{"line":86,"column":24},"end":{"line":86,"column":25}},"loc":{"start":{"line":86,"column":33},"end":{"line":101,"column":11}},"line":86},"9":{"name":"(anonymous_9)","decl":{"start":{"line":95,"column":32},"end":{"line":95,"column":33}},"loc":{"start":{"line":96,"column":20},"end":{"line":96,"column":null}},"line":96},"10":{"name":"(anonymous_10)","decl":{"start":{"line":118,"column":27},"end":{"line":118,"column":33}},"loc":{"start":{"line":118,"column":33},"end":{"line":118,"column":77}},"line":118},"11":{"name":"(anonymous_11)","decl":{"start":{"line":122,"column":27},"end":{"line":122,"column":33}},"loc":{"start":{"line":122,"column":33},"end":{"line":122,"column":76}},"line":122},"12":{"name":"(anonymous_12)","decl":{"start":{"line":127,"column":21},"end":{"line":127,"column":22}},"loc":{"start":{"line":127,"column":36},"end":{"line":171,"column":11}},"line":127},"13":{"name":"(anonymous_13)","decl":{"start":{"line":134,"column":30},"end":{"line":134,"column":31}},"loc":{"start":{"line":134,"column":39},"end":{"line":168,"column":17}},"line":134},"14":{"name":"(anonymous_14)","decl":{"start":{"line":154,"column":52},"end":{"line":154,"column":53}},"loc":{"start":{"line":155,"column":28},"end":{"line":157,"column":null}},"line":155}},"branchMap":{"0":{"loc":{"start":{"line":36,"column":6},"end":{"line":36,"column":null}},"type":"if","locations":[{"start":{"line":36,"column":6},"end":{"line":36,"column":null}},{"start":{},"end":{}}],"line":36},"1":{"loc":{"start":{"line":41,"column":2},"end":{"line":65,"column":null}},"type":"if","locations":[{"start":{"line":41,"column":2},"end":{"line":65,"column":null}},{"start":{},"end":{}}],"line":41},"2":{"loc":{"start":{"line":55,"column":11},"end":{"line":60,"column":null}},"type":"cond-expr","locations":[{"start":{"line":56,"column":12},"end":{"line":58,"column":null}},{"start":{"line":60,"column":12},"end":{"line":60,"column":null}}],"line":55},"3":{"loc":{"start":{"line":67,"column":2},"end":{"line":105,"column":null}},"type":"if","locations":[{"start":{"line":67,"column":2},"end":{"line":105,"column":null}},{"start":{},"end":{}}],"line":67},"4":{"loc":{"start":{"line":107,"column":2},"end":{"line":175,"column":null}},"type":"if","locations":[{"start":{"line":107,"column":2},"end":{"line":175,"column":null}},{"start":{},"end":{}}],"line":107},"5":{"loc":{"start":{"line":136,"column":41},"end":{"line":136,"column":null}},"type":"binary-expr","locations":[{"start":{"line":136,"column":41},"end":{"line":136,"column":62}},{"start":{"line":136,"column":62},"end":{"line":136,"column":null}}],"line":136},"6":{"loc":{"start":{"line":141,"column":24},"end":{"line":141,"column":null}},"type":"cond-expr","locations":[{"start":{"line":141,"column":42},"end":{"line":141,"column":62}},{"start":{"line":141,"column":62},"end":{"line":141,"column":null}}],"line":141},"7":{"loc":{"start":{"line":146,"column":25},"end":{"line":149,"column":null}},"type":"binary-expr","locations":[{"start":{"line":146,"column":25},"end":{"line":146,"column":null}},{"start":{"line":147,"column":26},"end":{"line":149,"column":null}}],"line":146},"8":{"loc":{"start":{"line":152,"column":23},"end":{"line":164,"column":null}},"type":"binary-expr","locations":[{"start":{"line":152,"column":23},"end":{"line":152,"column":41}},{"start":{"line":152,"column":41},"end":{"line":152,"column":null}},{"start":{"line":153,"column":24},"end":{"line":164,"column":null}}],"line":152},"9":{"loc":{"start":{"line":159,"column":27},"end":{"line":162,"column":null}},"type":"binary-expr","locations":[{"start":{"line":159,"column":27},"end":{"line":159,"column":null}},{"start":{"line":160,"column":28},"end":{"line":162,"column":null}}],"line":159}},"s":{"0":1,"1":8,"2":8,"3":8,"4":73,"5":146,"6":0,"7":146,"8":8,"9":1,"10":1,"11":0,"12":0,"13":1,"14":7,"15":6,"16":6,"17":6,"18":6,"19":1,"20":1,"21":42,"22":42,"23":8,"24":1,"25":1,"26":1,"27":1,"28":1,"29":0,"30":0,"31":5,"32":5,"33":30,"34":30,"35":30,"36":2,"37":0},"f":{"0":8,"1":73,"2":146,"3":0,"4":0,"5":1,"6":1,"7":1,"8":42,"9":8,"10":0,"11":0,"12":5,"13":30,"14":2},"b":{"0":[0,146],"1":[1,7],"2":[1,0],"3":[6,1],"4":[1,0],"5":[30,30],"6":[3,27],"7":[30,2],"8":[30,27,2],"9":[2,0]},"meta":{"lastBranch":10,"lastFunction":15,"lastStatement":38,"seen":{"s:26:28:178:Infinity":0,"f:26:28:26:29":0,"s:31:12:31:Infinity":1,"s:32:36:32:Infinity":2,"s:34:26:39:Infinity":3,"f:34:26:34:27":1,"s:35:4:38:Infinity":4,"f:35:24:35:25":2,"b:36:6:36:Infinity:undefined:undefined:undefined:undefined":0,"s:36:6:36:Infinity":5,"s:36:26:36:Infinity":6,"s:37:6:37:Infinity":7,"b:41:2:65:Infinity:undefined:undefined:undefined:undefined":1,"s:41:2:65:Infinity":8,"s:42:21:42:Infinity":9,"s:43:4:63:Infinity":10,"f:46:27:46:33":3,"s:46:33:46:75":11,"f:50:27:50:33":4,"s:50:33:50:75":12,"b:56:12:58:Infinity:60:12:60:Infinity":2,"f:56:25:56:26":5,"s:57:14:57:Infinity":13,"b:67:2:105:Infinity:undefined:undefined:undefined:undefined":3,"s:67:2:105:Infinity":14,"s:68:10:68:Infinity":15,"s:69:10:69:Infinity":16,"s:70:10:70:Infinity":17,"s:72:4:103:Infinity":18,"f:75:27:75:33":6,"s:75:33:75:75":19,"f:81:27:81:33":7,"s:81:33:81:75":20,"f:86:24:86:25":8,"s:87:29:87:Infinity":21,"s:88:12:99:Infinity":22,"f:95:32:95:33":9,"s:96:20:96:Infinity":23,"b:107:2:175:Infinity:undefined:undefined:undefined:undefined":4,"s:107:2:175:Infinity":24,"s:108:10:108:Infinity":25,"s:109:10:109:Infinity":26,"s:110:10:113:Infinity":27,"s:115:4:173:Infinity":28,"f:118:27:118:33":10,"s:118:33:118:77":29,"f:122:27:122:33":11,"s:122:33:122:76":30,"f:127:21:127:22":12,"s:128:18:131:Infinity":31,"s:132:12:169:Infinity":32,"f:134:30:134:31":13,"s:135:35:135:Infinity":33,"s:136:41:136:Infinity":34,"b:136:41:136:62:136:62:136:Infinity":5,"s:137:18:166:Infinity":35,"b:141:42:141:62:141:62:141:Infinity":6,"b:146:25:146:Infinity:147:26:149:Infinity":7,"b:152:23:152:41:152:41:152:Infinity:153:24:164:Infinity":8,"f:154:52:154:53":14,"s:155:28:157:Infinity":36,"b:159:27:159:Infinity:160:28:162:Infinity":9,"s:177:2:177:Infinity":37}}}
,"/home/obi-wan/pets/to-do/TO-DO-LIST1/src/components/CalendarView/index.ts": {"path":"/home/obi-wan/pets/to-do/TO-DO-LIST1/src/components/CalendarView/index.ts","statementMap":{},"fnMap":{},"branchMap":{},"s":{},"f":{},"b":{},"meta":{"lastBranch":0,"lastFunction":0,"lastStatement":0,"seen":{}}}
,"/home/obi-wan/pets/to-do/TO-DO-LIST1/src/components/CustomSelect/CustomSelect.module.scss": {"path":"/home/obi-wan/pets/to-do/TO-DO-LIST1/src/components/CustomSelect/CustomSelect.module.scss","statementMap":{},"fnMap":{},"branchMap":{},"s":{},"f":{},"b":{},"meta":{"lastBranch":0,"lastFunction":0,"lastStatement":0,"seen":{}}}
,"/home/obi-wan/pets/to-do/TO-DO-LIST1/src/components/CustomSelect/CustomSelect.tsx": {"path":"/home/obi-wan/pets/to-do/TO-DO-LIST1/src/components/CustomSelect/CustomSelect.tsx","statementMap":{"0":{"start":{"line":18,"column":13},"end":{"line":170,"column":null}},"1":{"start":{"line":26,"column":28},"end":{"line":26,"column":null}},"2":{"start":{"line":27,"column":40},"end":{"line":27,"column":null}},"3":{"start":{"line":28,"column":10},"end":{"line":28,"column":null}},"4":{"start":{"line":29,"column":10},"end":{"line":29,"column":null}},"5":{"start":{"line":30,"column":10},"end":{"line":30,"column":null}},"6":{"start":{"line":31,"column":22},"end":{"line":31,"column":null}},"7":{"start":{"line":33,"column":27},"end":{"line":33,"column":null}},"8":{"start":{"line":33,"column":49},"end":{"line":33,"column":68}},"9":{"start":{"line":34,"column":26},"end":{"line":34,"column":null}},"10":{"start":{"line":34,"column":53},"end":{"line":34,"column":72}},"11":{"start":{"line":36,"column":4},"end":{"line":50,"column":null}},"12":{"start":{"line":37,"column":33},"end":{"line":45,"column":null}},"13":{"start":{"line":38,"column":8},"end":{"line":44,"column":null}},"14":{"start":{"line":42,"column":10},"end":{"line":42,"column":null}},"15":{"start":{"line":43,"column":10},"end":{"line":43,"column":null}},"16":{"start":{"line":47,"column":6},"end":{"line":47,"column":null}},"17":{"start":{"line":48,"column":6},"end":{"line":49,"column":null}},"18":{"start":{"line":49,"column":8},"end":{"line":49,"column":null}},"19":{"start":{"line":52,"column":4},"end":{"line":56,"column":null}},"20":{"start":{"line":53,"column":6},"end":{"line":55,"column":null}},"21":{"start":{"line":54,"column":8},"end":{"line":54,"column":null}},"22":{"start":{"line":58,"column":25},"end":{"line":62,"column":null}},"23":{"start":{"line":59,"column":6},"end":{"line":59,"column":null}},"24":{"start":{"line":60,"column":6},"end":{"line":60,"column":null}},"25":{"start":{"line":61,"column":6},"end":{"line":61,"column":null}},"26":{"start":{"line":64,"column":26},"end":{"line":112,"column":null}},"27":{"start":{"line":65,"column":6},"end":{"line":111,"column":null}},"28":{"start":{"line":68,"column":10},"end":{"line":68,"column":null}},"29":{"start":{"line":69,"column":10},"end":{"line":73,"column":null}},"30":{"start":{"line":70,"column":12},"end":{"line":70,"column":null}},"31":{"start":{"line":72,"column":12},"end":{"line":72,"column":null}},"32":{"start":{"line":74,"column":10},"end":{"line":74,"column":null}},"33":{"start":{"line":76,"column":10},"end":{"line":76,"column":null}},"34":{"start":{"line":77,"column":10},"end":{"line":77,"column":null}},"35":{"start":{"line":78,"column":10},"end":{"line":78,"column":null}},"36":{"start":{"line":80,"column":10},"end":{"line":80,"column":null}},"37":{"start":{"line":81,"column":10},"end":{"line":87,"column":null}},"38":{"start":{"line":82,"column":12},"end":{"line":82,"column":null}},"39":{"start":{"line":84,"column":12},"end":{"line":86,"column":null}},"40":{"start":{"line":85,"column":14},"end":{"line":85,"column":null}},"41":{"start":{"line":88,"column":10},"end":{"line":88,"column":null}},"42":{"start":{"line":90,"column":10},"end":{"line":90,"column":null}},"43":{"start":{"line":91,"column":10},"end":{"line":97,"column":null}},"44":{"start":{"line":92,"column":12},"end":{"line":92,"column":null}},"45":{"start":{"line":94,"column":12},"end":{"line":96,"column":null}},"46":{"start":{"line":95,"column":14},"end":{"line":95,"column":null}},"47":{"start":{"line":98,"column":10},"end":{"line":98,"column":null}},"48":{"start":{"line":100,"column":10},"end":{"line":103,"column":null}},"49":{"start":{"line":101,"column":12},"end":{"line":101,"column":null}},"50":{"start":{"line":102,"column":12},"end":{"line":102,"column":null}},"51":{"start":{"line":104,"column":10},"end":{"line":104,"column":null}},"52":{"start":{"line":106,"column":10},"end":{"line":109,"column":null}},"53":{"start":{"line":107,"column":12},"end":{"line":107,"column":null}},"54":{"start":{"line":108,"column":12},"end":{"line":108,"column":null}},"55":{"start":{"line":110,"column":10},"end":{"line":110,"column":null}},"56":{"start":{"line":114,"column":24},"end":{"line":114,"column":null}},"57":{"start":{"line":114,"column":43},"end":{"line":114,"column":null}},"58":{"start":{"line":116,"column":4},"end":{"line":167,"column":null}},"59":{"start":{"line":120,"column":25},"end":{"line":120,"column":null}},"60":{"start":{"line":151,"column":14},"end":{"line":163,"column":null}},"61":{"start":{"line":157,"column":31},"end":{"line":157,"column":null}},"62":{"start":{"line":158,"column":36},"end":{"line":158,"column":null}}},"fnMap":{"0":{"name":"(anonymous_0)","decl":{"start":{"line":19,"column":2},"end":{"line":19,"column":3}},"loc":{"start":{"line":25,"column":27},"end":{"line":169,"column":null}},"line":25},"1":{"name":"(anonymous_1)","decl":{"start":{"line":33,"column":40},"end":{"line":33,"column":41}},"loc":{"start":{"line":33,"column":49},"end":{"line":33,"column":68}},"line":33},"2":{"name":"(anonymous_2)","decl":{"start":{"line":34,"column":44},"end":{"line":34,"column":45}},"loc":{"start":{"line":34,"column":53},"end":{"line":34,"column":72}},"line":34},"3":{"name":"(anonymous_3)","decl":{"start":{"line":36,"column":14},"end":{"line":36,"column":20}},"loc":{"start":{"line":36,"column":20},"end":{"line":50,"column":7}},"line":36},"4":{"name":"(anonymous_4)","decl":{"start":{"line":37,"column":33},"end":{"line":37,"column":34}},"loc":{"start":{"line":37,"column":56},"end":{"line":45,"column":null}},"line":37},"5":{"name":"(anonymous_5)","decl":{"start":{"line":48,"column":13},"end":{"line":48,"column":null}},"loc":{"start":{"line":49,"column":8},"end":{"line":49,"column":null}},"line":49},"6":{"name":"(anonymous_6)","decl":{"start":{"line":52,"column":14},"end":{"line":52,"column":20}},"loc":{"start":{"line":52,"column":20},"end":{"line":56,"column":7}},"line":52},"7":{"name":"(anonymous_7)","decl":{"start":{"line":58,"column":25},"end":{"line":58,"column":26}},"loc":{"start":{"line":58,"column":50},"end":{"line":62,"column":null}},"line":58},"8":{"name":"(anonymous_8)","decl":{"start":{"line":64,"column":26},"end":{"line":64,"column":27}},"loc":{"start":{"line":64,"column":54},"end":{"line":112,"column":null}},"line":64},"9":{"name":"(anonymous_9)","decl":{"start":{"line":84,"column":28},"end":{"line":84,"column":29}},"loc":{"start":{"line":85,"column":14},"end":{"line":85,"column":null}},"line":85},"10":{"name":"(anonymous_10)","decl":{"start":{"line":94,"column":28},"end":{"line":94,"column":29}},"loc":{"start":{"line":95,"column":14},"end":{"line":95,"column":null}},"line":95},"11":{"name":"(anonymous_11)","decl":{"start":{"line":114,"column":24},"end":{"line":114,"column":25}},"loc":{"start":{"line":114,"column":43},"end":{"line":114,"column":null}},"line":114},"12":{"name":"(anonymous_12)","decl":{"start":{"line":120,"column":19},"end":{"line":120,"column":25}},"loc":{"start":{"line":120,"column":25},"end":{"line":120,"column":null}},"line":120},"13":{"name":"(anonymous_13)","decl":{"start":{"line":150,"column":25},"end":{"line":150,"column":26}},"loc":{"start":{"line":151,"column":14},"end":{"line":163,"column":null}},"line":151},"14":{"name":"(anonymous_14)","decl":{"start":{"line":157,"column":25},"end":{"line":157,"column":31}},"loc":{"start":{"line":157,"column":31},"end":{"line":157,"column":null}},"line":157},"15":{"name":"(anonymous_15)","decl":{"start":{"line":158,"column":30},"end":{"line":158,"column":36}},"loc":{"start":{"line":158,"column":36},"end":{"line":158,"column":null}},"line":158}},"branchMap":{"0":{"loc":{"start":{"line":23,"column":4},"end":{"line":23,"column":null}},"type":"default-arg","locations":[{"start":{"line":23,"column":18},"end":{"line":23,"column":null}}],"line":23},"1":{"loc":{"start":{"line":38,"column":8},"end":{"line":44,"column":null}},"type":"if","locations":[{"start":{"line":38,"column":8},"end":{"line":44,"column":null}},{"start":{},"end":{}}],"line":38},"2":{"loc":{"start":{"line":39,"column":10},"end":{"line":40,"column":null}},"type":"binary-expr","locations":[{"start":{"line":39,"column":10},"end":{"line":39,"column":null}},{"start":{"line":40,"column":10},"end":{"line":40,"column":null}}],"line":39},"3":{"loc":{"start":{"line":53,"column":6},"end":{"line":55,"column":null}},"type":"if","locations":[{"start":{"line":53,"column":6},"end":{"line":55,"column":null}},{"start":{},"end":{}}],"line":53},"4":{"loc":{"start":{"line":54,"column":24},"end":{"line":54,"column":62}},"type":"cond-expr","locations":[{"start":{"line":54,"column":45},"end":{"line":54,"column":61}},{"start":{"line":54,"column":61},"end":{"line":54,"column":62}}],"line":54},"5":{"loc":{"start":{"line":65,"column":6},"end":{"line":111,"column":null}},"type":"switch","locations":[{"start":{"line":66,"column":8},"end":{"line":66,"column":null}},{"start":{"line":67,"column":8},"end":{"line":74,"column":null}},{"start":{"line":75,"column":8},"end":{"line":78,"column":null}},{"start":{"line":79,"column":8},"end":{"line":88,"column":null}},{"start":{"line":89,"column":8},"end":{"line":98,"column":null}},{"start":{"line":99,"column":8},"end":{"line":104,"column":null}},{"start":{"line":105,"column":8},"end":{"line":110,"column":null}}],"line":65},"6":{"loc":{"start":{"line":69,"column":10},"end":{"line":73,"column":null}},"type":"if","locations":[{"start":{"line":69,"column":10},"end":{"line":73,"column":null}},{"start":{"line":71,"column":17},"end":{"line":73,"column":null}}],"line":69},"7":{"loc":{"start":{"line":69,"column":14},"end":{"line":69,"column":43}},"type":"binary-expr","locations":[{"start":{"line":69,"column":14},"end":{"line":69,"column":24}},{"start":{"line":69,"column":24},"end":{"line":69,"column":43}}],"line":69},"8":{"loc":{"start":{"line":81,"column":10},"end":{"line":87,"column":null}},"type":"if","locations":[{"start":{"line":81,"column":10},"end":{"line":87,"column":null}},{"start":{"line":83,"column":17},"end":{"line":87,"column":null}}],"line":81},"9":{"loc":{"start":{"line":85,"column":14},"end":{"line":85,"column":null}},"type":"cond-expr","locations":[{"start":{"line":85,"column":42},"end":{"line":85,"column":53}},{"start":{"line":85,"column":53},"end":{"line":85,"column":null}}],"line":85},"10":{"loc":{"start":{"line":91,"column":10},"end":{"line":97,"column":null}},"type":"if","locations":[{"start":{"line":91,"column":10},"end":{"line":97,"column":null}},{"start":{"line":93,"column":17},"end":{"line":97,"column":null}}],"line":91},"11":{"loc":{"start":{"line":95,"column":14},"end":{"line":95,"column":null}},"type":"cond-expr","locations":[{"start":{"line":95,"column":25},"end":{"line":95,"column":36}},{"start":{"line":95,"column":36},"end":{"line":95,"column":null}}],"line":95},"12":{"loc":{"start":{"line":100,"column":10},"end":{"line":103,"column":null}},"type":"if","locations":[{"start":{"line":100,"column":10},"end":{"line":103,"column":null}},{"start":{},"end":{}}],"line":100},"13":{"loc":{"start":{"line":106,"column":10},"end":{"line":109,"column":null}},"type":"if","locations":[{"start":{"line":106,"column":10},"end":{"line":109,"column":null}},{"start":{},"end":{}}],"line":106},"14":{"loc":{"start":{"line":119,"column":42},"end":{"line":119,"column":67}},"type":"cond-expr","locations":[{"start":{"line":119,"column":51},"end":{"line":119,"column":65}},{"start":{"line":119,"column":65},"end":{"line":119,"column":67}}],"line":119},"15":{"loc":{"start":{"line":128,"column":12},"end":{"line":128,"column":null}},"type":"cond-expr","locations":[{"start":{"line":128,"column":42},"end":{"line":128,"column":70}},{"start":{"line":128,"column":70},"end":{"line":128,"column":null}}],"line":128},"16":{"loc":{"start":{"line":128,"column":12},"end":{"line":128,"column":42}},"type":"binary-expr","locations":[{"start":{"line":128,"column":12},"end":{"line":128,"column":22}},{"start":{"line":128,"column":22},"end":{"line":128,"column":42}}],"line":128},"17":{"loc":{"start":{"line":133,"column":13},"end":{"line":133,"column":null}},"type":"binary-expr","locations":[{"start":{"line":133,"column":13},"end":{"line":133,"column":38}},{"start":{"line":133,"column":38},"end":{"line":133,"column":null}}],"line":133},"18":{"loc":{"start":{"line":138,"column":41},"end":{"line":138,"column":69}},"type":"cond-expr","locations":[{"start":{"line":138,"column":50},"end":{"line":138,"column":67}},{"start":{"line":138,"column":67},"end":{"line":138,"column":69}}],"line":138},"19":{"loc":{"start":{"line":142,"column":9},"end":{"line":165,"column":null}},"type":"binary-expr","locations":[{"start":{"line":142,"column":9},"end":{"line":142,"column":null}},{"start":{"line":143,"column":10},"end":{"line":165,"column":null}}],"line":142},"20":{"loc":{"start":{"line":155,"column":18},"end":{"line":155,"column":null}},"type":"cond-expr","locations":[{"start":{"line":155,"column":43},"end":{"line":155,"column":61}},{"start":{"line":155,"column":61},"end":{"line":155,"column":null}}],"line":155},"21":{"loc":{"start":{"line":156,"column":20},"end":{"line":156,"column":64}},"type":"cond-expr","locations":[{"start":{"line":156,"column":45},"end":{"line":156,"column":62}},{"start":{"line":156,"column":62},"end":{"line":156,"column":64}}],"line":156}},"s":{"0":2,"1":47,"2":47,"3":47,"4":47,"5":47,"6":47,"7":47,"8":49,"9":47,"10":49,"11":47,"12":27,"13":8,"14":0,"15":0,"16":27,"17":27,"18":27,"19":47,"20":37,"21":6,"22":47,"23":3,"24":3,"25":3,"26":47,"27":4,"28":1,"29":1,"30":1,"31":0,"32":1,"33":1,"34":1,"35":1,"36":2,"37":2,"38":0,"39":2,"40":2,"41":2,"42":0,"43":0,"44":0,"45":0,"46":0,"47":0,"48":0,"49":0,"50":0,"51":0,"52":0,"53":0,"54":0,"55":0,"56":47,"57":58,"58":47,"59":6,"60":48,"61":2,"62":2},"f":{"0":47,"1":49,"2":49,"3":27,"4":8,"5":27,"6":37,"7":3,"8":4,"9":2,"10":0,"11":58,"12":6,"13":48,"14":2,"15":2},"b":{"0":[47],"1":[0,8],"2":[8,8],"3":[6,31],"4":[6,0],"5":[1,1,1,2,0,0,0],"6":[1,0],"7":[1,1],"8":[0,2],"9":[2,0],"10":[0,0],"11":[0,0],"12":[0,0],"13":[0,0],"14":[16,31],"15":[10,37],"16":[47,16],"17":[47,1],"18":[16,31],"19":[47,16],"20":[16,32],"21":[10,38]},"meta":{"lastBranch":22,"lastFunction":16,"lastStatement":63,"seen":{"s:18:13:170:Infinity":0,"f:19:2:19:3":0,"b:23:18:23:Infinity":0,"s:26:28:26:Infinity":1,"s:27:40:27:Infinity":2,"s:28:10:28:Infinity":3,"s:29:10:29:Infinity":4,"s:30:10:30:Infinity":5,"s:31:22:31:Infinity":6,"s:33:27:33:Infinity":7,"f:33:40:33:41":1,"s:33:49:33:68":8,"s:34:26:34:Infinity":9,"f:34:44:34:45":2,"s:34:53:34:72":10,"s:36:4:50:Infinity":11,"f:36:14:36:20":3,"s:37:33:45:Infinity":12,"f:37:33:37:34":4,"b:38:8:44:Infinity:undefined:undefined:undefined:undefined":1,"s:38:8:44:Infinity":13,"b:39:10:39:Infinity:40:10:40:Infinity":2,"s:42:10:42:Infinity":14,"s:43:10:43:Infinity":15,"s:47:6:47:Infinity":16,"s:48:6:49:Infinity":17,"f:48:13:48:Infinity":5,"s:49:8:49:Infinity":18,"s:52:4:56:Infinity":19,"f:52:14:52:20":6,"b:53:6:55:Infinity:undefined:undefined:undefined:undefined":3,"s:53:6:55:Infinity":20,"s:54:8:54:Infinity":21,"b:54:45:54:61:54:61:54:62":4,"s:58:25:62:Infinity":22,"f:58:25:58:26":7,"s:59:6:59:Infinity":23,"s:60:6:60:Infinity":24,"s:61:6:61:Infinity":25,"s:64:26:112:Infinity":26,"f:64:26:64:27":8,"b:66:8:66:Infinity:67:8:74:Infinity:75:8:78:Infinity:79:8:88:Infinity:89:8:98:Infinity:99:8:104:Infinity:105:8:110:Infinity":5,"s:65:6:111:Infinity":27,"s:68:10:68:Infinity":28,"b:69:10:73:Infinity:71:17:73:Infinity":6,"s:69:10:73:Infinity":29,"b:69:14:69:24:69:24:69:43":7,"s:70:12:70:Infinity":30,"s:72:12:72:Infinity":31,"s:74:10:74:Infinity":32,"s:76:10:76:Infinity":33,"s:77:10:77:Infinity":34,"s:78:10:78:Infinity":35,"s:80:10:80:Infinity":36,"b:81:10:87:Infinity:83:17:87:Infinity":8,"s:81:10:87:Infinity":37,"s:82:12:82:Infinity":38,"s:84:12:86:Infinity":39,"f:84:28:84:29":9,"s:85:14:85:Infinity":40,"b:85:42:85:53:85:53:85:Infinity":9,"s:88:10:88:Infinity":41,"s:90:10:90:Infinity":42,"b:91:10:97:Infinity:93:17:97:Infinity":10,"s:91:10:97:Infinity":43,"s:92:12:92:Infinity":44,"s:94:12:96:Infinity":45,"f:94:28:94:29":10,"s:95:14:95:Infinity":46,"b:95:25:95:36:95:36:95:Infinity":11,"s:98:10:98:Infinity":47,"b:100:10:103:Infinity:undefined:undefined:undefined:undefined":12,"s:100:10:103:Infinity":48,"s:101:12:101:Infinity":49,"s:102:12:102:Infinity":50,"s:104:10:104:Infinity":51,"b:106:10:109:Infinity:undefined:undefined:undefined:undefined":13,"s:106:10:109:Infinity":52,"s:107:12:107:Infinity":53,"s:108:12:108:Infinity":54,"s:110:10:110:Infinity":55,"s:114:24:114:Infinity":56,"f:114:24:114:25":11,"s:114:43:114:Infinity":57,"s:116:4:167:Infinity":58,"b:119:51:119:65:119:65:119:67":14,"f:120:19:120:25":12,"s:120:25:120:Infinity":59,"b:128:42:128:70:128:70:128:Infinity":15,"b:128:12:128:22:128:22:128:42":16,"b:133:13:133:38:133:38:133:Infinity":17,"b:138:50:138:67:138:67:138:69":18,"b:142:9:142:Infinity:143:10:165:Infinity":19,"f:150:25:150:26":13,"s:151:14:163:Infinity":60,"b:155:43:155:61:155:61:155:Infinity":20,"b:156:45:156:62:156:62:156:64":21,"f:157:25:157:31":14,"s:157:31:157:Infinity":61,"f:158:30:158:36":15,"s:158:36:158:Infinity":62}}}
,"/home/obi-wan/pets/to-do/TO-DO-LIST1/src/components/CustomSelect/index.ts": {"path":"/home/obi-wan/pets/to-do/TO-DO-LIST1/src/components/CustomSelect/index.ts","statementMap":{},"fnMap":{},"branchMap":{},"s":{},"f":{},"b":{},"meta":{"lastBranch":0,"lastFunction":0,"lastStatement":0,"seen":{}}}
,"/home/obi-wan/pets/to-do/TO-DO-LIST1/src/components/ErrorBoundary/ErrorBoundary.module.scss": {"path":"/home/obi-wan/pets/to-do/TO-DO-LIST1/src/components/ErrorBoundary/ErrorBoundary.module.scss","statementMap":{},"fnMap":{},"branchMap":{},"s":{},"f":{},"b":{},"meta":{"lastBranch":0,"lastFunction":0,"lastStatement":0,"seen":{}}}
,"/home/obi-wan/pets/to-do/TO-DO-LIST1/src/components/ErrorBoundary/ErrorBoundary.tsx": {"path":"/home/obi-wan/pets/to-do/TO-DO-LIST1/src/components/ErrorBoundary/ErrorBoundary.tsx","statementMap":{"0":{"start":{"line":29,"column":16},"end":{"line":31,"column":null}},"1":{"start":{"line":17,"column":4},"end":{"line":17,"column":null}},"2":{"start":{"line":18,"column":4},"end":{"line":18,"column":null}},"3":{"start":{"line":22,"column":4},"end":{"line":22,"column":null}},"4":{"start":{"line":26,"column":4},"end":{"line":26,"column":null}},"5":{"start":{"line":30,"column":4},"end":{"line":30,"column":null}},"6":{"start":{"line":34,"column":18},"end":{"line":34,"column":null}},"7":{"start":{"line":36,"column":4},"end":{"line":54,"column":null}},"8":{"start":{"line":37,"column":6},"end":{"line":39,"column":null}},"9":{"start":{"line":38,"column":8},"end":{"line":38,"column":null}},"10":{"start":{"line":41,"column":6},"end":{"line":52,"column":null}},"11":{"start":{"line":56,"column":4},"end":{"line":56,"column":null}},"12":{"start":{"line":60,"column":13},"end":{"line":60,"column":null}}},"fnMap":{"0":{"name":"(anonymous_0)","decl":{"start":{"line":16,"column":2},"end":{"line":16,"column":14}},"loc":{"start":{"line":16,"column":28},"end":{"line":19,"column":null}},"line":16},"1":{"name":"(anonymous_1)","decl":{"start":{"line":21,"column":9},"end":{"line":21,"column":34}},"loc":{"start":{"line":21,"column":55},"end":{"line":23,"column":null}},"line":21},"2":{"name":"(anonymous_2)","decl":{"start":{"line":25,"column":2},"end":{"line":25,"column":20}},"loc":{"start":{"line":25,"column":57},"end":{"line":27,"column":null}},"line":25},"3":{"name":"(anonymous_3)","decl":{"start":{"line":29,"column":16},"end":{"line":29,"column":28}},"loc":{"start":{"line":29,"column":28},"end":{"line":31,"column":null}},"line":29},"4":{"name":"(anonymous_4)","decl":{"start":{"line":33,"column":2},"end":{"line":33,"column":22}},"loc":{"start":{"line":33,"column":22},"end":{"line":57,"column":null}},"line":33}},"branchMap":{"0":{"loc":{"start":{"line":36,"column":4},"end":{"line":54,"column":null}},"type":"if","locations":[{"start":{"line":36,"column":4},"end":{"line":54,"column":null}},{"start":{},"end":{}}],"line":36},"1":{"loc":{"start":{"line":37,"column":6},"end":{"line":39,"column":null}},"type":"if","locations":[{"start":{"line":37,"column":6},"end":{"line":39,"column":null}},{"start":{},"end":{}}],"line":37},"2":{"loc":{"start":{"line":46,"column":15},"end":{"line":46,"column":null}},"type":"binary-expr","locations":[{"start":{"line":46,"column":15},"end":{"line":46,"column":44}},{"start":{"line":46,"column":44},"end":{"line":46,"column":null}}],"line":46}},"s":{"0":1,"1":12,"2":12,"3":12,"4":6,"5":1,"6":25,"7":25,"8":12,"9":2,"10":10,"11":13,"12":1},"f":{"0":12,"1":11,"2":6,"3":1,"4":25},"b":{"0":[12,13],"1":[2,10],"2":[10,0]},"meta":{"lastBranch":3,"lastFunction":5,"lastStatement":13,"seen":{"s:29:16:31:Infinity":0,"f:16:2:16:14":0,"s:17:4:17:Infinity":1,"s:18:4:18:Infinity":2,"f:21:9:21:34":1,"s:22:4:22:Infinity":3,"f:25:2:25:20":2,"s:26:4:26:Infinity":4,"f:29:16:29:28":3,"s:30:4:30:Infinity":5,"f:33:2:33:22":4,"s:34:18:34:Infinity":6,"b:36:4:54:Infinity:undefined:undefined:undefined:undefined":0,"s:36:4:54:Infinity":7,"b:37:6:39:Infinity:undefined:undefined:undefined:undefined":1,"s:37:6:39:Infinity":8,"s:38:8:38:Infinity":9,"s:41:6:52:Infinity":10,"b:46:15:46:44:46:44:46:Infinity":2,"s:56:4:56:Infinity":11,"s:60:13:60:Infinity":12}}}
,"/home/obi-wan/pets/to-do/TO-DO-LIST1/src/components/ErrorBoundary/index.ts": {"path":"/home/obi-wan/pets/to-do/TO-DO-LIST1/src/components/ErrorBoundary/index.ts","statementMap":{},"fnMap":{},"branchMap":{},"s":{},"f":{},"b":{},"meta":{"lastBranch":0,"lastFunction":0,"lastStatement":0,"seen":{}}}
,"/home/obi-wan/pets/to-do/TO-DO-LIST1/src/components/FilterPanel/FilterPanel.module.scss": {"path":"/home/obi-wan/pets/to-do/TO-DO-LIST1/src/components/FilterPanel/FilterPanel.module.scss","statementMap":{},"fnMap":{},"branchMap":{},"s":{},"f":{},"b":{},"meta":{"lastBranch":0,"lastFunction":0,"lastStatement":0,"seen":{}}}
,"/home/obi-wan/pets/to-do/TO-DO-LIST1/src/components/FilterPanel/FilterPanel.tsx": {"path":"/home/obi-wan/pets/to-do/TO-DO-LIST1/src/components/FilterPanel/FilterPanel.tsx","statementMap":{"0":{"start":{"line":7,"column":27},"end":{"line":171,"column":null}},"1":{"start":{"line":8,"column":12},"end":{"line":8,"column":null}},"2":{"start":{"line":23,"column":2},"end":{"line":23,"column":null}},"3":{"start":{"line":25,"column":38},"end":{"line":30,"column":null}},"4":{"start":{"line":31,"column":38},"end":{"line":31,"column":null}},"5":{"start":{"line":32,"column":22},"end":{"line":39,"column":null}},"6":{"start":{"line":40,"column":22},"end":{"line":46,"column":null}},"7":{"start":{"line":48,"column":2},"end":{"line":169,"column":null}},"8":{"start":{"line":54,"column":31},"end":{"line":54,"column":null}},"9":{"start":{"line":55,"column":48},"end":{"line":58,"column":12}},"10":{"start":{"line":70,"column":31},"end":{"line":70,"column":null}},"11":{"start":{"line":75,"column":12},"end":{"line":93,"column":null}},"12":{"start":{"line":82,"column":18},"end":{"line":89,"column":null}},"13":{"start":{"line":83,"column":20},"end":{"line":83,"column":null}},"14":{"start":{"line":85,"column":38},"end":{"line":87,"column":null}},"15":{"start":{"line":87,"column":51},"end":{"line":87,"column":63}},"16":{"start":{"line":88,"column":20},"end":{"line":88,"column":null}},"17":{"start":{"line":105,"column":31},"end":{"line":105,"column":null}},"18":{"start":{"line":110,"column":12},"end":{"line":128,"column":null}},"19":{"start":{"line":117,"column":18},"end":{"line":124,"column":null}},"20":{"start":{"line":118,"column":20},"end":{"line":118,"column":null}},"21":{"start":{"line":120,"column":38},"end":{"line":122,"column":null}},"22":{"start":{"line":122,"column":53},"end":{"line":122,"column":67}},"23":{"start":{"line":123,"column":20},"end":{"line":123,"column":null}},"24":{"start":{"line":137,"column":31},"end":{"line":137,"column":null}},"25":{"start":{"line":138,"column":48},"end":{"line":141,"column":12}},"26":{"start":{"line":145,"column":25},"end":{"line":145,"column":null}},"27":{"start":{"line":160,"column":29},"end":{"line":160,"column":null}}},"fnMap":{"0":{"name":"(anonymous_0)","decl":{"start":{"line":7,"column":27},"end":{"line":7,"column":33}},"loc":{"start":{"line":7,"column":33},"end":{"line":171,"column":null}},"line":7},"1":{"name":"(anonymous_1)","decl":{"start":{"line":54,"column":20},"end":{"line":54,"column":21}},"loc":{"start":{"line":54,"column":31},"end":{"line":54,"column":null}},"line":54},"2":{"name":"(anonymous_2)","decl":{"start":{"line":55,"column":35},"end":{"line":55,"column":36}},"loc":{"start":{"line":55,"column":48},"end":{"line":58,"column":12}},"line":55},"3":{"name":"(anonymous_3)","decl":{"start":{"line":70,"column":24},"end":{"line":70,"column":25}},"loc":{"start":{"line":70,"column":31},"end":{"line":70,"column":null}},"line":70},"4":{"name":"(anonymous_4)","decl":{"start":{"line":74,"column":29},"end":{"line":74,"column":30}},"loc":{"start":{"line":75,"column":12},"end":{"line":93,"column":null}},"line":75},"5":{"name":"(anonymous_5)","decl":{"start":{"line":81,"column":26},"end":{"line":81,"column":27}},"loc":{"start":{"line":81,"column":33},"end":{"line":90,"column":null}},"line":81},"6":{"name":"(anonymous_6)","decl":{"start":{"line":87,"column":44},"end":{"line":87,"column":45}},"loc":{"start":{"line":87,"column":51},"end":{"line":87,"column":63}},"line":87},"7":{"name":"(anonymous_7)","decl":{"start":{"line":105,"column":24},"end":{"line":105,"column":25}},"loc":{"start":{"line":105,"column":31},"end":{"line":105,"column":null}},"line":105},"8":{"name":"(anonymous_8)","decl":{"start":{"line":109,"column":31},"end":{"line":109,"column":32}},"loc":{"start":{"line":110,"column":12},"end":{"line":128,"column":null}},"line":110},"9":{"name":"(anonymous_9)","decl":{"start":{"line":116,"column":26},"end":{"line":116,"column":27}},"loc":{"start":{"line":116,"column":33},"end":{"line":125,"column":null}},"line":116},"10":{"name":"(anonymous_10)","decl":{"start":{"line":122,"column":46},"end":{"line":122,"column":47}},"loc":{"start":{"line":122,"column":53},"end":{"line":122,"column":67}},"line":122},"11":{"name":"(anonymous_11)","decl":{"start":{"line":137,"column":20},"end":{"line":137,"column":21}},"loc":{"start":{"line":137,"column":31},"end":{"line":137,"column":null}},"line":137},"12":{"name":"(anonymous_12)","decl":{"start":{"line":138,"column":35},"end":{"line":138,"column":36}},"loc":{"start":{"line":138,"column":48},"end":{"line":141,"column":12}},"line":138},"13":{"name":"(anonymous_13)","decl":{"start":{"line":145,"column":19},"end":{"line":145,"column":25}},"loc":{"start":{"line":145,"column":25},"end":{"line":145,"column":null}},"line":145},"14":{"name":"(anonymous_14)","decl":{"start":{"line":160,"column":22},"end":{"line":160,"column":23}},"loc":{"start":{"line":160,"column":29},"end":{"line":160,"column":null}},"line":160}},"branchMap":{"0":{"loc":{"start":{"line":70,"column":47},"end":{"line":70,"column":76}},"type":"cond-expr","locations":[{"start":{"line":70,"column":66},"end":{"line":70,"column":74}},{"start":{"line":70,"column":74},"end":{"line":70,"column":76}}],"line":70},"1":{"loc":{"start":{"line":79,"column":18},"end":{"line":79,"column":null}},"type":"binary-expr","locations":[{"start":{"line":79,"column":18},"end":{"line":79,"column":44}},{"start":{"line":79,"column":44},"end":{"line":79,"column":null}}],"line":79},"2":{"loc":{"start":{"line":82,"column":18},"end":{"line":89,"column":null}},"type":"if","locations":[{"start":{"line":82,"column":18},"end":{"line":89,"column":null}},{"start":{"line":84,"column":25},"end":{"line":89,"column":null}}],"line":82},"3":{"loc":{"start":{"line":85,"column":38},"end":{"line":87,"column":null}},"type":"cond-expr","locations":[{"start":{"line":86,"column":24},"end":{"line":86,"column":null}},{"start":{"line":87,"column":24},"end":{"line":87,"column":null}}],"line":85},"4":{"loc":{"start":{"line":88,"column":36},"end":{"line":88,"column":76}},"type":"cond-expr","locations":[{"start":{"line":88,"column":59},"end":{"line":88,"column":71}},{"start":{"line":88,"column":71},"end":{"line":88,"column":76}}],"line":88},"5":{"loc":{"start":{"line":105,"column":49},"end":{"line":105,"column":78}},"type":"cond-expr","locations":[{"start":{"line":105,"column":68},"end":{"line":105,"column":76}},{"start":{"line":105,"column":76},"end":{"line":105,"column":78}}],"line":105},"6":{"loc":{"start":{"line":114,"column":18},"end":{"line":114,"column":null}},"type":"binary-expr","locations":[{"start":{"line":114,"column":18},"end":{"line":114,"column":46}},{"start":{"line":114,"column":46},"end":{"line":114,"column":null}}],"line":114},"7":{"loc":{"start":{"line":117,"column":18},"end":{"line":124,"column":null}},"type":"if","locations":[{"start":{"line":117,"column":18},"end":{"line":124,"column":null}},{"start":{"line":119,"column":25},"end":{"line":124,"column":null}}],"line":117},"8":{"loc":{"start":{"line":120,"column":38},"end":{"line":122,"column":null}},"type":"cond-expr","locations":[{"start":{"line":121,"column":24},"end":{"line":121,"column":null}},{"start":{"line":122,"column":24},"end":{"line":122,"column":null}}],"line":120},"9":{"loc":{"start":{"line":123,"column":38},"end":{"line":123,"column":78}},"type":"cond-expr","locations":[{"start":{"line":123,"column":61},"end":{"line":123,"column":73}},{"start":{"line":123,"column":73},"end":{"line":123,"column":78}}],"line":123},"10":{"loc":{"start":{"line":145,"column":38},"end":{"line":145,"column":74}},"type":"cond-expr","locations":[{"start":{"line":145,"column":60},"end":{"line":145,"column":69}},{"start":{"line":145,"column":69},"end":{"line":145,"column":74}}],"line":145},"11":{"loc":{"start":{"line":148,"column":12},"end":{"line":148,"column":null}},"type":"cond-expr","locations":[{"start":{"line":148,"column":34},"end":{"line":148,"column":56}},{"start":{"line":148,"column":56},"end":{"line":148,"column":null}}],"line":148},"12":{"loc":{"start":{"line":151,"column":11},"end":{"line":151,"column":null}},"type":"cond-expr","locations":[{"start":{"line":151,"column":33},"end":{"line":151,"column":39}},{"start":{"line":151,"column":39},"end":{"line":151,"column":null}}],"line":151}},"s":{"0":1,"1":9,"2":9,"3":9,"4":9,"5":9,"6":9,"7":9,"8":0,"9":54,"10":0,"11":36,"12":0,"13":0,"14":0,"15":0,"16":0,"17":0,"18":27,"19":0,"20":0,"21":0,"22":0,"23":0,"24":0,"25":45,"26":1,"27":1},"f":{"0":9,"1":0,"2":54,"3":0,"4":36,"5":0,"6":0,"7":0,"8":27,"9":0,"10":0,"11":0,"12":45,"13":1,"14":1},"b":{"0":[0,0],"1":[36,0],"2":[0,0],"3":[0,0],"4":[0,0],"5":[0,0],"6":[27,0],"7":[0,0],"8":[0,0],"9":[0,0],"10":[0,1],"11":[0,9],"12":[0,9]},"meta":{"lastBranch":13,"lastFunction":15,"lastStatement":28,"seen":{"s:7:27:171:Infinity":0,"f:7:27:7:33":0,"s:8:12:8:Infinity":1,"s:23:2:23:Infinity":2,"s:25:38:30:Infinity":3,"s:31:38:31:Infinity":4,"s:32:22:39:Infinity":5,"s:40:22:46:Infinity":6,"s:48:2:169:Infinity":7,"f:54:20:54:21":1,"s:54:31:54:Infinity":8,"f:55:35:55:36":2,"s:55:48:58:12":9,"f:70:24:70:25":3,"s:70:31:70:Infinity":10,"b:70:66:70:74:70:74:70:76":0,"f:74:29:74:30":4,"s:75:12:93:Infinity":11,"b:79:18:79:44:79:44:79:Infinity":1,"f:81:26:81:27":5,"b:82:18:89:Infinity:84:25:89:Infinity":2,"s:82:18:89:Infinity":12,"s:83:20:83:Infinity":13,"s:85:38:87:Infinity":14,"b:86:24:86:Infinity:87:24:87:Infinity":3,"f:87:44:87:45":6,"s:87:51:87:63":15,"s:88:20:88:Infinity":16,"b:88:59:88:71:88:71:88:76":4,"f:105:24:105:25":7,"s:105:31:105:Infinity":17,"b:105:68:105:76:105:76:105:78":5,"f:109:31:109:32":8,"s:110:12:128:Infinity":18,"b:114:18:114:46:114:46:114:Infinity":6,"f:116:26:116:27":9,"b:117:18:124:Infinity:119:25:124:Infinity":7,"s:117:18:124:Infinity":19,"s:118:20:118:Infinity":20,"s:120:38:122:Infinity":21,"b:121:24:121:Infinity:122:24:122:Infinity":8,"f:122:46:122:47":10,"s:122:53:122:67":22,"s:123:20:123:Infinity":23,"b:123:61:123:73:123:73:123:78":9,"f:137:20:137:21":11,"s:137:31:137:Infinity":24,"f:138:35:138:36":12,"s:138:48:141:12":25,"f:145:19:145:25":13,"s:145:25:145:Infinity":26,"b:145:60:145:69:145:69:145:74":10,"b:148:34:148:56:148:56:148:Infinity":11,"b:151:33:151:39:151:39:151:Infinity":12,"f:160:22:160:23":14,"s:160:29:160:Infinity":27}}}
,"/home/obi-wan/pets/to-do/TO-DO-LIST1/src/components/FilterPanel/index.ts": {"path":"/home/obi-wan/pets/to-do/TO-DO-LIST1/src/components/FilterPanel/index.ts","statementMap":{},"fnMap":{},"branchMap":{},"s":{},"f":{},"b":{},"meta":{"lastBranch":0,"lastFunction":0,"lastStatement":0,"seen":{}}}
,"/home/obi-wan/pets/to-do/TO-DO-LIST1/src/components/Header/Header.module.scss": {"path":"/home/obi-wan/pets/to-do/TO-DO-LIST1/src/components/Header/Header.module.scss","statementMap":{},"fnMap":{},"branchMap":{},"s":{},"f":{},"b":{},"meta":{"lastBranch":0,"lastFunction":0,"lastStatement":0,"seen":{}}}
,"/home/obi-wan/pets/to-do/TO-DO-LIST1/src/components/Header/Header.tsx": {"path":"/home/obi-wan/pets/to-do/TO-DO-LIST1/src/components/Header/Header.tsx","statementMap":{"0":{"start":{"line":12,"column":22},"end":{"line":83,"column":null}},"1":{"start":{"line":13,"column":12},"end":{"line":13,"column":null}},"2":{"start":{"line":14,"column":61},"end":{"line":15,"column":null}},"3":{"start":{"line":17,"column":2},"end":{"line":81,"column":null}},"4":{"start":{"line":28,"column":31},"end":{"line":28,"column":null}},"5":{"start":{"line":38,"column":29},"end":{"line":38,"column":null}},"6":{"start":{"line":47,"column":29},"end":{"line":47,"column":null}},"7":{"start":{"line":56,"column":29},"end":{"line":56,"column":null}},"8":{"start":{"line":65,"column":29},"end":{"line":65,"column":null}}},"fnMap":{"0":{"name":"(anonymous_0)","decl":{"start":{"line":12,"column":22},"end":{"line":12,"column":23}},"loc":{"start":{"line":12,"column":54},"end":{"line":83,"column":null}},"line":12},"1":{"name":"(anonymous_1)","decl":{"start":{"line":28,"column":24},"end":{"line":28,"column":25}},"loc":{"start":{"line":28,"column":31},"end":{"line":28,"column":null}},"line":28},"2":{"name":"(anonymous_2)","decl":{"start":{"line":38,"column":23},"end":{"line":38,"column":29}},"loc":{"start":{"line":38,"column":29},"end":{"line":38,"column":null}},"line":38},"3":{"name":"(anonymous_3)","decl":{"start":{"line":47,"column":23},"end":{"line":47,"column":29}},"loc":{"start":{"line":47,"column":29},"end":{"line":47,"column":null}},"line":47},"4":{"name":"(anonymous_4)","decl":{"start":{"line":56,"column":23},"end":{"line":56,"column":29}},"loc":{"start":{"line":56,"column":29},"end":{"line":56,"column":null}},"line":56},"5":{"name":"(anonymous_5)","decl":{"start":{"line":65,"column":23},"end":{"line":65,"column":29}},"loc":{"start":{"line":65,"column":29},"end":{"line":65,"column":null}},"line":65}},"branchMap":{"0":{"loc":{"start":{"line":36,"column":16},"end":{"line":36,"column":null}},"type":"cond-expr","locations":[{"start":{"line":36,"column":38},"end":{"line":36,"column":54}},{"start":{"line":36,"column":54},"end":{"line":36,"column":null}}],"line":36},"1":{"loc":{"start":{"line":45,"column":16},"end":{"line":45,"column":null}},"type":"cond-expr","locations":[{"start":{"line":45,"column":40},"end":{"line":45,"column":56}},{"start":{"line":45,"column":56},"end":{"line":45,"column":null}}],"line":45},"2":{"loc":{"start":{"line":54,"column":16},"end":{"line":54,"column":null}},"type":"cond-expr","locations":[{"start":{"line":54,"column":50},"end":{"line":54,"column":66}},{"start":{"line":54,"column":66},"end":{"line":54,"column":null}}],"line":54},"3":{"loc":{"start":{"line":63,"column":16},"end":{"line":63,"column":null}},"type":"cond-expr","locations":[{"start":{"line":63,"column":42},"end":{"line":63,"column":58}},{"start":{"line":63,"column":58},"end":{"line":63,"column":null}}],"line":63}},"s":{"0":1,"1":7,"2":7,"3":7,"4":4,"5":0,"6":1,"7":0,"8":0},"f":{"0":7,"1":4,"2":0,"3":1,"4":0,"5":0},"b":{"0":[7,0],"1":[0,7],"2":[0,7],"3":[0,7]},"meta":{"lastBranch":4,"lastFunction":6,"lastStatement":9,"seen":{"s:12:22:83:Infinity":0,"f:12:22:12:23":0,"s:13:12:13:Infinity":1,"s:14:61:15:Infinity":2,"s:17:2:81:Infinity":3,"f:28:24:28:25":1,"s:28:31:28:Infinity":4,"b:36:38:36:54:36:54:36:Infinity":0,"f:38:23:38:29":2,"s:38:29:38:Infinity":5,"b:45:40:45:56:45:56:45:Infinity":1,"f:47:23:47:29":3,"s:47:29:47:Infinity":6,"b:54:50:54:66:54:66:54:Infinity":2,"f:56:23:56:29":4,"s:56:29:56:Infinity":7,"b:63:42:63:58:63:58:63:Infinity":3,"f:65:23:65:29":5,"s:65:29:65:Infinity":8}}}
,"/home/obi-wan/pets/to-do/TO-DO-LIST1/src/components/Header/index.ts": {"path":"/home/obi-wan/pets/to-do/TO-DO-LIST1/src/components/Header/index.ts","statementMap":{},"fnMap":{},"branchMap":{},"s":{},"f":{},"b":{},"meta":{"lastBranch":0,"lastFunction":0,"lastStatement":0,"seen":{}}}
,"/home/obi-wan/pets/to-do/TO-DO-LIST1/src/components/KanbanCard/KanbanCard.module.scss": {"path":"/home/obi-wan/pets/to-do/TO-DO-LIST1/src/components/KanbanCard/KanbanCard.module.scss","statementMap":{},"fnMap":{},"branchMap":{},"s":{},"f":{},"b":{},"meta":{"lastBranch":0,"lastFunction":0,"lastStatement":0,"seen":{}}}
,"/home/obi-wan/pets/to-do/TO-DO-LIST1/src/components/KanbanCard/KanbanCard.tsx": {"path":"/home/obi-wan/pets/to-do/TO-DO-LIST1/src/components/KanbanCard/KanbanCard.tsx","statementMap":{"0":{"start":{"line":22,"column":13},"end":{"line":154,"column":null}},"1":{"start":{"line":24,"column":14},"end":{"line":24,"column":null}},"2":{"start":{"line":25,"column":17},"end":{"line":25,"column":null}},"3":{"start":{"line":33,"column":4},"end":{"line":39,"column":null}},"4":{"start":{"line":38,"column":34},"end":{"line":38,"column":null}},"5":{"start":{"line":41,"column":18},"end":{"line":44,"column":null}},"6":{"start":{"line":46,"column":69},"end":{"line":51,"column":null}},"7":{"start":{"line":53,"column":4},"end":{"line":151,"column":null}},"8":{"start":{"line":62,"column":26},"end":{"line":62,"column":37}},"9":{"start":{"line":77,"column":18},"end":{"line":77,"column":null}},"10":{"start":{"line":80,"column":18},"end":{"line":80,"column":null}},"11":{"start":{"line":81,"column":18},"end":{"line":81,"column":null}},"12":{"start":{"line":114,"column":18},"end":{"line":116,"column":null}},"13":{"start":{"line":119,"column":30},"end":{"line":119,"column":null}},"14":{"start":{"line":119,"column":47},"end":{"line":119,"column":61}},"15":{"start":{"line":120,"column":18},"end":{"line":134,"column":null}},"16":{"start":{"line":142,"column":46},"end":{"line":142,"column":58}}},"fnMap":{"0":{"name":"(anonymous_0)","decl":{"start":{"line":23,"column":2},"end":{"line":23,"column":3}},"loc":{"start":{"line":23,"column":73},"end":{"line":153,"column":null}},"line":23},"1":{"name":"(anonymous_1)","decl":{"start":{"line":38,"column":28},"end":{"line":38,"column":34}},"loc":{"start":{"line":38,"column":34},"end":{"line":38,"column":null}},"line":38},"2":{"name":"(anonymous_2)","decl":{"start":{"line":62,"column":17},"end":{"line":62,"column":18}},"loc":{"start":{"line":62,"column":26},"end":{"line":62,"column":37}},"line":62},"3":{"name":"(anonymous_3)","decl":{"start":{"line":76,"column":29},"end":{"line":76,"column":30}},"loc":{"start":{"line":76,"column":36},"end":{"line":78,"column":null}},"line":76},"4":{"name":"(anonymous_4)","decl":{"start":{"line":79,"column":25},"end":{"line":79,"column":26}},"loc":{"start":{"line":79,"column":32},"end":{"line":82,"column":null}},"line":79},"5":{"name":"(anonymous_5)","decl":{"start":{"line":113,"column":34},"end":{"line":113,"column":35}},"loc":{"start":{"line":114,"column":18},"end":{"line":116,"column":null}},"line":114},"6":{"name":"(anonymous_6)","decl":{"start":{"line":118,"column":31},"end":{"line":118,"column":32}},"loc":{"start":{"line":118,"column":42},"end":{"line":136,"column":17}},"line":118},"7":{"name":"(anonymous_7)","decl":{"start":{"line":119,"column":40},"end":{"line":119,"column":41}},"loc":{"start":{"line":119,"column":47},"end":{"line":119,"column":61}},"line":119},"8":{"name":"(anonymous_8)","decl":{"start":{"line":142,"column":38},"end":{"line":142,"column":39}},"loc":{"start":{"line":142,"column":46},"end":{"line":142,"column":58}},"line":142}},"branchMap":{"0":{"loc":{"start":{"line":55,"column":9},"end":{"line":56,"column":null}},"type":"binary-expr","locations":[{"start":{"line":55,"column":9},"end":{"line":55,"column":27}},{"start":{"line":55,"column":27},"end":{"line":55,"column":null}},{"start":{"line":56,"column":10},"end":{"line":56,"column":null}}],"line":55},"1":{"loc":{"start":{"line":97,"column":13},"end":{"line":98,"column":null}},"type":"binary-expr","locations":[{"start":{"line":97,"column":13},"end":{"line":97,"column":null}},{"start":{"line":98,"column":14},"end":{"line":98,"column":null}}],"line":97},"2":{"loc":{"start":{"line":101,"column":13},"end":{"line":108,"column":null}},"type":"binary-expr","locations":[{"start":{"line":101,"column":13},"end":{"line":101,"column":null}},{"start":{"line":102,"column":14},"end":{"line":108,"column":null}}],"line":101},"3":{"loc":{"start":{"line":104,"column":18},"end":{"line":104,"column":null}},"type":"cond-expr","locations":[{"start":{"line":104,"column":28},"end":{"line":104,"column":49}},{"start":{"line":104,"column":49},"end":{"line":104,"column":null}}],"line":104},"4":{"loc":{"start":{"line":108,"column":14},"end":{"line":137,"column":null}},"type":"binary-expr","locations":[{"start":{"line":111,"column":14},"end":{"line":111,"column":38}},{"start":{"line":111,"column":38},"end":{"line":111,"column":null}},{"start":{"line":112,"column":14},"end":{"line":137,"column":null}}],"line":108},"5":{"loc":{"start":{"line":125,"column":24},"end":{"line":130,"column":null}},"type":"cond-expr","locations":[{"start":{"line":126,"column":28},"end":{"line":129,"column":null}},{"start":{"line":130,"column":28},"end":{"line":130,"column":null}}],"line":125},"6":{"loc":{"start":{"line":133,"column":23},"end":{"line":133,"column":null}},"type":"cond-expr","locations":[{"start":{"line":133,"column":29},"end":{"line":133,"column":40}},{"start":{"line":133,"column":40},"end":{"line":133,"column":null}}],"line":133},"7":{"loc":{"start":{"line":140,"column":13},"end":{"line":144,"column":null}},"type":"binary-expr","locations":[{"start":{"line":140,"column":13},"end":{"line":140,"column":null}},{"start":{"line":141,"column":14},"end":{"line":144,"column":null}}],"line":140},"8":{"loc":{"start":{"line":148,"column":9},"end":{"line":149,"column":null}},"type":"binary-expr","locations":[{"start":{"line":148,"column":9},"end":{"line":148,"column":27}},{"start":{"line":148,"column":27},"end":{"line":148,"column":null}},{"start":{"line":149,"column":10},"end":{"line":149,"column":null}}],"line":148}},"s":{"0":2,"1":7,"2":7,"3":7,"4":0,"5":7,"6":7,"7":7,"8":0,"9":0,"10":1,"11":1,"12":0,"13":7,"14":7,"15":7,"16":2},"f":{"0":7,"1":0,"2":0,"3":0,"4":1,"5":0,"6":7,"7":7,"8":2},"b":{"0":[7,0,0],"1":[7,7],"2":[7,0],"3":[0,0],"4":[7,0,7],"5":[7,0],"6":[7,0],"7":[7,1],"8":[7,0,0]},"meta":{"lastBranch":9,"lastFunction":9,"lastStatement":17,"seen":{"s:22:13:154:Infinity":0,"f:23:2:23:3":0,"s:24:14:24:Infinity":1,"s:25:17:25:Infinity":2,"s:33:4:39:Infinity":3,"f:38:28:38:34":1,"s:38:34:38:Infinity":4,"s:41:18:44:Infinity":5,"s:46:69:51:Infinity":6,"s:53:4:151:Infinity":7,"b:55:9:55:27:55:27:55:Infinity:56:10:56:Infinity":0,"f:62:17:62:18":2,"s:62:26:62:37":8,"f:76:29:76:30":3,"s:77:18:77:Infinity":9,"f:79:25:79:26":4,"s:80:18:80:Infinity":10,"s:81:18:81:Infinity":11,"b:97:13:97:Infinity:98:14:98:Infinity":1,"b:101:13:101:Infinity:102:14:108:Infinity":2,"b:104:28:104:49:104:49:104:Infinity":3,"b:111:14:111:38:111:38:111:Infinity:112:14:137:Infinity":4,"f:113:34:113:35":5,"s:114:18:116:Infinity":12,"f:118:31:118:32":6,"s:119:30:119:Infinity":13,"f:119:40:119:41":7,"s:119:47:119:61":14,"s:120:18:134:Infinity":15,"b:126:28:129:Infinity:130:28:130:Infinity":5,"b:133:29:133:40:133:40:133:Infinity":6,"b:140:13:140:Infinity:141:14:144:Infinity":7,"f:142:38:142:39":8,"s:142:46:142:58":16,"b:148:9:148:27:148:27:148:Infinity:149:10:149:Infinity":8}}}
,"/home/obi-wan/pets/to-do/TO-DO-LIST1/src/components/KanbanCard/index.ts": {"path":"/home/obi-wan/pets/to-do/TO-DO-LIST1/src/components/KanbanCard/index.ts","statementMap":{},"fnMap":{},"branchMap":{},"s":{},"f":{},"b":{},"meta":{"lastBranch":0,"lastFunction":0,"lastStatement":0,"seen":{}}}
,"/home/obi-wan/pets/to-do/TO-DO-LIST1/src/components/KanbanColumn/KanbanColumn.module.scss": {"path":"/home/obi-wan/pets/to-do/TO-DO-LIST1/src/components/KanbanColumn/KanbanColumn.module.scss","statementMap":{},"fnMap":{},"branchMap":{},"s":{},"f":{},"b":{},"meta":{"lastBranch":0,"lastFunction":0,"lastStatement":0,"seen":{}}}
,"/home/obi-wan/pets/to-do/TO-DO-LIST1/src/components/KanbanColumn/KanbanColumn.tsx": {"path":"/home/obi-wan/pets/to-do/TO-DO-LIST1/src/components/KanbanColumn/KanbanColumn.tsx","statementMap":{"0":{"start":{"line":21,"column":28},"end":{"line":94,"column":null}},"1":{"start":{"line":29,"column":12},"end":{"line":29,"column":null}},"2":{"start":{"line":30,"column":29},"end":{"line":35,"column":null}},"3":{"start":{"line":37,"column":45},"end":{"line":42,"column":null}},"4":{"start":{"line":44,"column":2},"end":{"line":46,"column":null}},"5":{"start":{"line":45,"column":4},"end":{"line":45,"column":null}},"6":{"start":{"line":48,"column":2},"end":{"line":92,"column":null}},"7":{"start":{"line":70,"column":59},"end":{"line":73,"column":null}},"8":{"start":{"line":75,"column":14},"end":{"line":84,"column":null}}},"fnMap":{"0":{"name":"(anonymous_0)","decl":{"start":{"line":21,"column":28},"end":{"line":21,"column":29}},"loc":{"start":{"line":28,"column":25},"end":{"line":94,"column":null}},"line":28},"1":{"name":"(anonymous_1)","decl":{"start":{"line":69,"column":28},"end":{"line":69,"column":29}},"loc":{"start":{"line":69,"column":45},"end":{"line":86,"column":13}},"line":69}},"branchMap":{"0":{"loc":{"start":{"line":25,"column":2},"end":{"line":25,"column":null}},"type":"default-arg","locations":[{"start":{"line":25,"column":13},"end":{"line":25,"column":null}}],"line":25},"1":{"loc":{"start":{"line":44,"column":2},"end":{"line":46,"column":null}},"type":"if","locations":[{"start":{"line":44,"column":2},"end":{"line":46,"column":null}},{"start":{},"end":{}}],"line":44},"2":{"loc":{"start":{"line":50,"column":43},"end":{"line":50,"column":70}},"type":"cond-expr","locations":[{"start":{"line":50,"column":52},"end":{"line":50,"column":68}},{"start":{"line":50,"column":68},"end":{"line":50,"column":70}}],"line":50},"3":{"loc":{"start":{"line":60,"column":11},"end":{"line":61,"column":null}},"type":"binary-expr","locations":[{"start":{"line":60,"column":11},"end":{"line":60,"column":21}},{"start":{"line":60,"column":21},"end":{"line":60,"column":null}},{"start":{"line":61,"column":12},"end":{"line":61,"column":null}}],"line":60},"4":{"loc":{"start":{"line":64,"column":11},"end":{"line":67,"column":null}},"type":"binary-expr","locations":[{"start":{"line":64,"column":11},"end":{"line":64,"column":null}},{"start":{"line":65,"column":12},"end":{"line":65,"column":null}},{"start":{"line":66,"column":12},"end":{"line":66,"column":null}},{"start":{"line":67,"column":12},"end":{"line":67,"column":24}},{"start":{"line":67,"column":24},"end":{"line":67,"column":null}}],"line":64},"5":{"loc":{"start":{"line":68,"column":11},"end":{"line":88,"column":null}},"type":"cond-expr","locations":[{"start":{"line":69,"column":12},"end":{"line":86,"column":null}},{"start":{"line":88,"column":12},"end":{"line":88,"column":null}}],"line":68}},"s":{"0":1,"1":5,"2":5,"3":5,"4":5,"5":1,"6":4,"7":6,"8":6},"f":{"0":5,"1":6},"b":{"0":[5],"1":[1,4],"2":[0,4],"3":[5,0,0],"4":[5,0,0,0,0],"5":[3,1]},"meta":{"lastBranch":6,"lastFunction":2,"lastStatement":9,"seen":{"s:21:28:94:Infinity":0,"f:21:28:21:29":0,"b:25:13:25:Infinity":0,"s:29:12:29:Infinity":1,"s:30:29:35:Infinity":2,"s:37:45:42:Infinity":3,"b:44:2:46:Infinity:undefined:undefined:undefined:undefined":1,"s:44:2:46:Infinity":4,"s:45:4:45:Infinity":5,"s:48:2:92:Infinity":6,"b:50:52:50:68:50:68:50:70":2,"b:60:11:60:21:60:21:60:Infinity:61:12:61:Infinity":3,"b:64:11:64:Infinity:65:12:65:Infinity:66:12:66:Infinity:67:12:67:24:67:24:67:Infinity":4,"b:69:12:86:Infinity:88:12:88:Infinity":5,"f:69:28:69:29":1,"s:70:59:73:Infinity":7,"s:75:14:84:Infinity":8}}}
,"/home/obi-wan/pets/to-do/TO-DO-LIST1/src/components/KanbanColumn/index.ts": {"path":"/home/obi-wan/pets/to-do/TO-DO-LIST1/src/components/KanbanColumn/index.ts","statementMap":{},"fnMap":{},"branchMap":{},"s":{},"f":{},"b":{},"meta":{"lastBranch":0,"lastFunction":0,"lastStatement":0,"seen":{}}}
,"/home/obi-wan/pets/to-do/TO-DO-LIST1/src/components/KanbanView/KanbanView.module.scss": {"path":"/home/obi-wan/pets/to-do/TO-DO-LIST1/src/components/KanbanView/KanbanView.module.scss","statementMap":{},"fnMap":{},"branchMap":{},"s":{},"f":{},"b":{},"meta":{"lastBranch":0,"lastFunction":0,"lastStatement":0,"seen":{}}}
,"/home/obi-wan/pets/to-do/TO-DO-LIST1/src/components/KanbanView/KanbanView.tsx": {"path":"/home/obi-wan/pets/to-do/TO-DO-LIST1/src/components/KanbanView/KanbanView.tsx","statementMap":{"0":{"start":{"line":24,"column":26},"end":{"line":85,"column":null}},"1":{"start":{"line":25,"column":23},"end":{"line":25,"column":null}},"2":{"start":{"line":27,"column":8},"end":{"line":33,"column":null}},"3":{"start":{"line":35,"column":24},"end":{"line":35,"column":null}},"4":{"start":{"line":44,"column":2},"end":{"line":46,"column":null}},"5":{"start":{"line":48,"column":2},"end":{"line":83,"column":null}},"6":{"start":{"line":64,"column":12},"end":{"line":72,"column":null}}},"fnMap":{"0":{"name":"(anonymous_0)","decl":{"start":{"line":24,"column":26},"end":{"line":24,"column":27}},"loc":{"start":{"line":24,"column":70},"end":{"line":85,"column":null}},"line":24},"1":{"name":"(anonymous_1)","decl":{"start":{"line":63,"column":47},"end":{"line":63,"column":48}},"loc":{"start":{"line":64,"column":12},"end":{"line":72,"column":null}},"line":64}},"branchMap":{"0":{"loc":{"start":{"line":76,"column":11},"end":{"line":80,"column":null}},"type":"cond-expr","locations":[{"start":{"line":77,"column":12},"end":{"line":79,"column":null}},{"start":{"line":80,"column":14},"end":{"line":80,"column":null}}],"line":76}},"s":{"0":1,"1":3,"2":3,"3":3,"4":3,"5":3,"6":13},"f":{"0":3,"1":13},"b":{"0":[0,3]},"meta":{"lastBranch":1,"lastFunction":2,"lastStatement":7,"seen":{"s:24:26:85:Infinity":0,"f:24:26:24:27":0,"s:25:23:25:Infinity":1,"s:27:8:33:Infinity":2,"s:35:24:35:Infinity":3,"s:44:2:46:Infinity":4,"s:48:2:83:Infinity":5,"f:63:47:63:48":1,"s:64:12:72:Infinity":6,"b:77:12:79:Infinity:80:14:80:Infinity":0}}}
,"/home/obi-wan/pets/to-do/TO-DO-LIST1/src/components/KanbanView/index.ts": {"path":"/home/obi-wan/pets/to-do/TO-DO-LIST1/src/components/KanbanView/index.ts","statementMap":{},"fnMap":{},"branchMap":{},"s":{},"f":{},"b":{},"meta":{"lastBranch":0,"lastFunction":0,"lastStatement":0,"seen":{}}}
,"/home/obi-wan/pets/to-do/TO-DO-LIST1/src/components/TaskEditor/TaskEditor.module.scss": {"path":"/home/obi-wan/pets/to-do/TO-DO-LIST1/src/components/TaskEditor/TaskEditor.module.scss","statementMap":{},"fnMap":{},"branchMap":{},"s":{},"f":{},"b":{},"meta":{"lastBranch":0,"lastFunction":0,"lastStatement":0,"seen":{}}}
,"/home/obi-wan/pets/to-do/TO-DO-LIST1/src/components/TaskEditor/TaskEditor.tsx": {"path":"/home/obi-wan/pets/to-do/TO-DO-LIST1/src/components/TaskEditor/TaskEditor.tsx","statementMap":{"0":{"start":{"line":10,"column":28},"end":{"line":15,"column":null}},"1":{"start":{"line":11,"column":2},"end":{"line":11,"column":null}},"2":{"start":{"line":11,"column":13},"end":{"line":11,"column":null}},"3":{"start":{"line":12,"column":12},"end":{"line":12,"column":null}},"4":{"start":{"line":13,"column":2},"end":{"line":13,"column":null}},"5":{"start":{"line":14,"column":2},"end":{"line":14,"column":null}},"6":{"start":{"line":23,"column":26},"end":{"line":314,"column":null}},"7":{"start":{"line":24,"column":12},"end":{"line":24,"column":null}},"8":{"start":{"line":25,"column":30},"end":{"line":25,"column":null}},"9":{"start":{"line":33,"column":2},"end":{"line":48,"column":null}},"10":{"start":{"line":50,"column":2},"end":{"line":79,"column":null}},"11":{"start":{"line":51,"column":4},"end":{"line":78,"column":null}},"12":{"start":{"line":52,"column":6},"end":{"line":65,"column":null}},"13":{"start":{"line":66,"column":4},"end":{"line":78,"column":null}},"14":{"start":{"line":67,"column":6},"end":{"line":77,"column":null}},"15":{"start":{"line":81,"column":19},"end":{"line":97,"column":null}},"16":{"start":{"line":82,"column":4},"end":{"line":95,"column":null}},"17":{"start":{"line":83,"column":6},"end":{"line":86,"column":null}},"18":{"start":{"line":88,"column":6},"end":{"line":94,"column":null}},"19":{"start":{"line":96,"column":4},"end":{"line":96,"column":null}},"20":{"start":{"line":99,"column":21},"end":{"line":99,"column":null}},"21":{"start":{"line":101,"column":2},"end":{"line":101,"column":null}},"22":{"start":{"line":101,"column":15},"end":{"line":101,"column":null}},"23":{"start":{"line":103,"column":2},"end":{"line":312,"column":null}},"24":{"start":{"line":105,"column":52},"end":{"line":105,"column":null}},"25":{"start":{"line":144,"column":20},"end":{"line":144,"column":null}},"26":{"start":{"line":144,"column":28},"end":{"line":144,"column":null}},"27":{"start":{"line":145,"column":33},"end":{"line":145,"column":null}},"28":{"start":{"line":146,"column":20},"end":{"line":146,"column":null}},"29":{"start":{"line":155,"column":18},"end":{"line":160,"column":null}},"30":{"start":{"line":156,"column":33},"end":{"line":156,"column":null}},"31":{"start":{"line":157,"column":20},"end":{"line":157,"column":null}},"32":{"start":{"line":159,"column":20},"end":{"line":159,"column":null}},"33":{"start":{"line":175,"column":20},"end":{"line":175,"column":null}},"34":{"start":{"line":175,"column":28},"end":{"line":175,"column":null}},"35":{"start":{"line":176,"column":33},"end":{"line":176,"column":null}},"36":{"start":{"line":177,"column":20},"end":{"line":177,"column":null}},"37":{"start":{"line":186,"column":18},"end":{"line":191,"column":null}},"38":{"start":{"line":187,"column":33},"end":{"line":187,"column":null}},"39":{"start":{"line":188,"column":20},"end":{"line":188,"column":null}},"40":{"start":{"line":190,"column":20},"end":{"line":190,"column":null}},"41":{"start":{"line":234,"column":34},"end":{"line":237,"column":null}},"42":{"start":{"line":236,"column":30},"end":{"line":236,"column":38}},"43":{"start":{"line":237,"column":33},"end":{"line":237,"column":45}},"44":{"start":{"line":238,"column":16},"end":{"line":238,"column":null}},"45":{"start":{"line":249,"column":36},"end":{"line":252,"column":null}},"46":{"start":{"line":251,"column":30},"end":{"line":251,"column":38}},"47":{"start":{"line":252,"column":33},"end":{"line":252,"column":45}},"48":{"start":{"line":253,"column":16},"end":{"line":253,"column":null}},"49":{"start":{"line":265,"column":16},"end":{"line":265,"column":null}}},"fnMap":{"0":{"name":"(anonymous_0)","decl":{"start":{"line":10,"column":28},"end":{"line":10,"column":29}},"loc":{"start":{"line":10,"column":71},"end":{"line":15,"column":null}},"line":10},"1":{"name":"(anonymous_1)","decl":{"start":{"line":23,"column":26},"end":{"line":23,"column":27}},"loc":{"start":{"line":23,"column":74},"end":{"line":314,"column":null}},"line":23},"2":{"name":"(anonymous_2)","decl":{"start":{"line":50,"column":12},"end":{"line":50,"column":18}},"loc":{"start":{"line":50,"column":18},"end":{"line":79,"column":5}},"line":50},"3":{"name":"(anonymous_3)","decl":{"start":{"line":81,"column":19},"end":{"line":81,"column":20}},"loc":{"start":{"line":81,"column":43},"end":{"line":97,"column":null}},"line":81},"4":{"name":"(anonymous_4)","decl":{"start":{"line":105,"column":45},"end":{"line":105,"column":46}},"loc":{"start":{"line":105,"column":52},"end":{"line":105,"column":null}},"line":105},"5":{"name":"(anonymous_5)","decl":{"start":{"line":143,"column":30},"end":{"line":143,"column":31}},"loc":{"start":{"line":143,"column":37},"end":{"line":147,"column":null}},"line":143},"6":{"name":"(anonymous_6)","decl":{"start":{"line":154,"column":26},"end":{"line":154,"column":27}},"loc":{"start":{"line":154,"column":33},"end":{"line":161,"column":null}},"line":154},"7":{"name":"(anonymous_7)","decl":{"start":{"line":174,"column":30},"end":{"line":174,"column":31}},"loc":{"start":{"line":174,"column":37},"end":{"line":178,"column":null}},"line":174},"8":{"name":"(anonymous_8)","decl":{"start":{"line":185,"column":26},"end":{"line":185,"column":27}},"loc":{"start":{"line":185,"column":33},"end":{"line":192,"column":null}},"line":185},"9":{"name":"(anonymous_9)","decl":{"start":{"line":233,"column":22},"end":{"line":233,"column":23}},"loc":{"start":{"line":233,"column":29},"end":{"line":239,"column":null}},"line":233},"10":{"name":"(anonymous_10)","decl":{"start":{"line":236,"column":23},"end":{"line":236,"column":24}},"loc":{"start":{"line":236,"column":30},"end":{"line":236,"column":38}},"line":236},"11":{"name":"(anonymous_11)","decl":{"start":{"line":237,"column":26},"end":{"line":237,"column":27}},"loc":{"start":{"line":237,"column":33},"end":{"line":237,"column":45}},"line":237},"12":{"name":"(anonymous_12)","decl":{"start":{"line":248,"column":22},"end":{"line":248,"column":23}},"loc":{"start":{"line":248,"column":29},"end":{"line":254,"column":null}},"line":248},"13":{"name":"(anonymous_13)","decl":{"start":{"line":251,"column":23},"end":{"line":251,"column":24}},"loc":{"start":{"line":251,"column":30},"end":{"line":251,"column":38}},"line":251},"14":{"name":"(anonymous_14)","decl":{"start":{"line":252,"column":26},"end":{"line":252,"column":27}},"loc":{"start":{"line":252,"column":33},"end":{"line":252,"column":45}},"line":252},"15":{"name":"(anonymous_15)","decl":{"start":{"line":264,"column":24},"end":{"line":264,"column":25}},"loc":{"start":{"line":265,"column":16},"end":{"line":265,"column":null}},"line":265}},"branchMap":{"0":{"loc":{"start":{"line":11,"column":2},"end":{"line":11,"column":null}},"type":"if","locations":[{"start":{"line":11,"column":2},"end":{"line":11,"column":null}},{"start":{},"end":{}}],"line":11},"1":{"loc":{"start":{"line":51,"column":4},"end":{"line":78,"column":null}},"type":"if","locations":[{"start":{"line":51,"column":4},"end":{"line":78,"column":null}},{"start":{"line":66,"column":4},"end":{"line":78,"column":null}}],"line":51},"2":{"loc":{"start":{"line":51,"column":8},"end":{"line":51,"column":24}},"type":"binary-expr","locations":[{"start":{"line":51,"column":8},"end":{"line":51,"column":16}},{"start":{"line":51,"column":16},"end":{"line":51,"column":24}}],"line":51},"3":{"loc":{"start":{"line":55,"column":21},"end":{"line":55,"column":null}},"type":"binary-expr","locations":[{"start":{"line":55,"column":21},"end":{"line":55,"column":41}},{"start":{"line":55,"column":41},"end":{"line":55,"column":null}}],"line":55},"4":{"loc":{"start":{"line":61,"column":16},"end":{"line":61,"column":null}},"type":"binary-expr","locations":[{"start":{"line":61,"column":16},"end":{"line":61,"column":31}},{"start":{"line":61,"column":31},"end":{"line":61,"column":null}}],"line":61},"5":{"loc":{"start":{"line":63,"column":15},"end":{"line":63,"column":null}},"type":"binary-expr","locations":[{"start":{"line":63,"column":15},"end":{"line":63,"column":29}},{"start":{"line":63,"column":29},"end":{"line":63,"column":null}}],"line":63},"6":{"loc":{"start":{"line":64,"column":20},"end":{"line":64,"column":null}},"type":"binary-expr","locations":[{"start":{"line":64,"column":20},"end":{"line":64,"column":39}},{"start":{"line":64,"column":39},"end":{"line":64,"column":null}}],"line":64},"7":{"loc":{"start":{"line":66,"column":4},"end":{"line":78,"column":null}},"type":"if","locations":[{"start":{"line":66,"column":4},"end":{"line":78,"column":null}},{"start":{},"end":{}}],"line":66},"8":{"loc":{"start":{"line":66,"column":15},"end":{"line":66,"column":32}},"type":"binary-expr","locations":[{"start":{"line":66,"column":15},"end":{"line":66,"column":24}},{"start":{"line":66,"column":24},"end":{"line":66,"column":32}}],"line":66},"9":{"loc":{"start":{"line":82,"column":4},"end":{"line":95,"column":null}},"type":"if","locations":[{"start":{"line":82,"column":4},"end":{"line":95,"column":null}},{"start":{"line":87,"column":11},"end":{"line":95,"column":null}}],"line":82},"10":{"loc":{"start":{"line":90,"column":18},"end":{"line":90,"column":null}},"type":"binary-expr","locations":[{"start":{"line":90,"column":18},"end":{"line":90,"column":35}},{"start":{"line":90,"column":35},"end":{"line":90,"column":null}}],"line":90},"11":{"loc":{"start":{"line":91,"column":14},"end":{"line":91,"column":null}},"type":"binary-expr","locations":[{"start":{"line":91,"column":14},"end":{"line":91,"column":27}},{"start":{"line":91,"column":27},"end":{"line":91,"column":null}}],"line":91},"12":{"loc":{"start":{"line":101,"column":2},"end":{"line":101,"column":null}},"type":"if","locations":[{"start":{"line":101,"column":2},"end":{"line":101,"column":null}},{"start":{},"end":{}}],"line":101},"13":{"loc":{"start":{"line":107,"column":15},"end":{"line":107,"column":73}},"type":"cond-expr","locations":[{"start":{"line":107,"column":22},"end":{"line":107,"column":49}},{"start":{"line":107,"column":49},"end":{"line":107,"column":73}}],"line":107},"14":{"loc":{"start":{"line":121,"column":13},"end":{"line":122,"column":null}},"type":"binary-expr","locations":[{"start":{"line":121,"column":13},"end":{"line":121,"column":null}},{"start":{"line":122,"column":14},"end":{"line":122,"column":null}}],"line":121},"15":{"loc":{"start":{"line":144,"column":20},"end":{"line":144,"column":null}},"type":"if","locations":[{"start":{"line":144,"column":20},"end":{"line":144,"column":null}},{"start":{},"end":{}}],"line":144},"16":{"loc":{"start":{"line":146,"column":27},"end":{"line":146,"column":null}},"type":"cond-expr","locations":[{"start":{"line":146,"column":51},"end":{"line":146,"column":58}},{"start":{"line":146,"column":58},"end":{"line":146,"column":null}}],"line":146},"17":{"loc":{"start":{"line":150,"column":18},"end":{"line":152,"column":null}},"type":"cond-expr","locations":[{"start":{"line":151,"column":22},"end":{"line":151,"column":null}},{"start":{"line":152,"column":22},"end":{"line":152,"column":null}}],"line":150},"18":{"loc":{"start":{"line":155,"column":18},"end":{"line":160,"column":null}},"type":"if","locations":[{"start":{"line":155,"column":18},"end":{"line":160,"column":null}},{"start":{"line":158,"column":25},"end":{"line":160,"column":null}}],"line":155},"19":{"loc":{"start":{"line":157,"column":42},"end":{"line":157,"column":77}},"type":"cond-expr","locations":[{"start":{"line":157,"column":66},"end":{"line":157,"column":73}},{"start":{"line":157,"column":73},"end":{"line":157,"column":77}}],"line":157},"20":{"loc":{"start":{"line":163,"column":15},"end":{"line":164,"column":null}},"type":"binary-expr","locations":[{"start":{"line":163,"column":15},"end":{"line":163,"column":null}},{"start":{"line":164,"column":16},"end":{"line":164,"column":null}}],"line":163},"21":{"loc":{"start":{"line":175,"column":20},"end":{"line":175,"column":null}},"type":"if","locations":[{"start":{"line":175,"column":20},"end":{"line":175,"column":null}},{"start":{},"end":{}}],"line":175},"22":{"loc":{"start":{"line":177,"column":27},"end":{"line":177,"column":null}},"type":"cond-expr","locations":[{"start":{"line":177,"column":51},"end":{"line":177,"column":58}},{"start":{"line":177,"column":58},"end":{"line":177,"column":null}}],"line":177},"23":{"loc":{"start":{"line":181,"column":18},"end":{"line":183,"column":null}},"type":"cond-expr","locations":[{"start":{"line":182,"column":22},"end":{"line":182,"column":null}},{"start":{"line":183,"column":22},"end":{"line":183,"column":null}}],"line":181},"24":{"loc":{"start":{"line":186,"column":18},"end":{"line":191,"column":null}},"type":"if","locations":[{"start":{"line":186,"column":18},"end":{"line":191,"column":null}},{"start":{"line":189,"column":25},"end":{"line":191,"column":null}}],"line":186},"25":{"loc":{"start":{"line":188,"column":41},"end":{"line":188,"column":76}},"type":"cond-expr","locations":[{"start":{"line":188,"column":65},"end":{"line":188,"column":72}},{"start":{"line":188,"column":72},"end":{"line":188,"column":76}}],"line":188},"26":{"loc":{"start":{"line":194,"column":15},"end":{"line":195,"column":null}},"type":"binary-expr","locations":[{"start":{"line":194,"column":15},"end":{"line":194,"column":null}},{"start":{"line":195,"column":16},"end":{"line":195,"column":null}}],"line":194},"27":{"loc":{"start":{"line":255,"column":28},"end":{"line":255,"column":null}},"type":"binary-expr","locations":[{"start":{"line":255,"column":28},"end":{"line":255,"column":56}},{"start":{"line":255,"column":56},"end":{"line":255,"column":null}}],"line":255},"28":{"loc":{"start":{"line":276,"column":11},"end":{"line":285,"column":null}},"type":"binary-expr","locations":[{"start":{"line":276,"column":11},"end":{"line":276,"column":null}},{"start":{"line":277,"column":12},"end":{"line":285,"column":null}}],"line":276},"29":{"loc":{"start":{"line":307,"column":15},"end":{"line":307,"column":null}},"type":"cond-expr","locations":[{"start":{"line":307,"column":22},"end":{"line":307,"column":47}},{"start":{"line":307,"column":47},"end":{"line":307,"column":null}}],"line":307}},"s":{"0":1,"1":0,"2":0,"3":0,"4":0,"5":0,"6":1,"7":22,"8":22,"9":22,"10":22,"11":11,"12":3,"13":8,"14":7,"15":22,"16":0,"17":0,"18":0,"19":0,"20":22,"21":22,"22":2,"23":20,"24":1,"25":20,"26":20,"27":0,"28":0,"29":0,"30":0,"31":0,"32":0,"33":20,"34":20,"35":0,"36":0,"37":0,"38":0,"39":0,"40":0,"41":0,"42":0,"43":0,"44":0,"45":0,"46":0,"47":0,"48":0,"49":0},"f":{"0":0,"1":22,"2":11,"3":0,"4":1,"5":20,"6":0,"7":20,"8":0,"9":0,"10":0,"11":0,"12":0,"13":0,"14":0,"15":0},"b":{"0":[0,0],"1":[3,8],"2":[11,3],"3":[3,0],"4":[3,3],"5":[3,3],"6":[3,3],"7":[7,1],"8":[8,8],"9":[0,0],"10":[0,0],"11":[0,0],"12":[2,20],"13":[6,14],"14":[22,0],"15":[20,0],"16":[0,0],"17":[0,20],"18":[0,0],"19":[0,0],"20":[22,0],"21":[20,0],"22":[0,0],"23":[0,20],"24":[0,0],"25":[0,0],"26":[22,0],"27":[22,20],"28":[22,0],"29":[6,14]},"meta":{"lastBranch":30,"lastFunction":16,"lastStatement":50,"seen":{"s:10:28:15:Infinity":0,"f:10:28:10:29":0,"b:11:2:11:Infinity:undefined:undefined:undefined:undefined":0,"s:11:2:11:Infinity":1,"s:11:13:11:Infinity":2,"s:12:12:12:Infinity":3,"s:13:2:13:Infinity":4,"s:14:2:14:Infinity":5,"s:23:26:314:Infinity":6,"f:23:26:23:27":1,"s:24:12:24:Infinity":7,"s:25:30:25:Infinity":8,"s:33:2:48:Infinity":9,"s:50:2:79:Infinity":10,"f:50:12:50:18":2,"b:51:4:78:Infinity:66:4:78:Infinity":1,"s:51:4:78:Infinity":11,"b:51:8:51:16:51:16:51:24":2,"s:52:6:65:Infinity":12,"b:55:21:55:41:55:41:55:Infinity":3,"b:61:16:61:31:61:31:61:Infinity":4,"b:63:15:63:29:63:29:63:Infinity":5,"b:64:20:64:39:64:39:64:Infinity":6,"b:66:4:78:Infinity:undefined:undefined:undefined:undefined":7,"s:66:4:78:Infinity":13,"b:66:15:66:24:66:24:66:32":8,"s:67:6:77:Infinity":14,"s:81:19:97:Infinity":15,"f:81:19:81:20":3,"b:82:4:95:Infinity:87:11:95:Infinity":9,"s:82:4:95:Infinity":16,"s:83:6:86:Infinity":17,"s:88:6:94:Infinity":18,"b:90:18:90:35:90:35:90:Infinity":10,"b:91:14:91:27:91:27:91:Infinity":11,"s:96:4:96:Infinity":19,"s:99:21:99:Infinity":20,"b:101:2:101:Infinity:undefined:undefined:undefined:undefined":12,"s:101:2:101:Infinity":21,"s:101:15:101:Infinity":22,"s:103:2:312:Infinity":23,"f:105:45:105:46":4,"s:105:52:105:Infinity":24,"b:107:22:107:49:107:49:107:73":13,"b:121:13:121:Infinity:122:14:122:Infinity":14,"f:143:30:143:31":5,"b:144:20:144:Infinity:undefined:undefined:undefined:undefined":15,"s:144:20:144:Infinity":25,"s:144:28:144:Infinity":26,"s:145:33:145:Infinity":27,"s:146:20:146:Infinity":28,"b:146:51:146:58:146:58:146:Infinity":16,"b:151:22:151:Infinity:152:22:152:Infinity":17,"f:154:26:154:27":6,"b:155:18:160:Infinity:158:25:160:Infinity":18,"s:155:18:160:Infinity":29,"s:156:33:156:Infinity":30,"s:157:20:157:Infinity":31,"b:157:66:157:73:157:73:157:77":19,"s:159:20:159:Infinity":32,"b:163:15:163:Infinity:164:16:164:Infinity":20,"f:174:30:174:31":7,"b:175:20:175:Infinity:undefined:undefined:undefined:undefined":21,"s:175:20:175:Infinity":33,"s:175:28:175:Infinity":34,"s:176:33:176:Infinity":35,"s:177:20:177:Infinity":36,"b:177:51:177:58:177:58:177:Infinity":22,"b:182:22:182:Infinity:183:22:183:Infinity":23,"f:185:26:185:27":8,"b:186:18:191:Infinity:189:25:191:Infinity":24,"s:186:18:191:Infinity":37,"s:187:33:187:Infinity":38,"s:188:20:188:Infinity":39,"b:188:65:188:72:188:72:188:76":25,"s:190:20:190:Infinity":40,"b:194:15:194:Infinity:195:16:195:Infinity":26,"f:233:22:233:23":9,"s:234:34:237:Infinity":41,"f:236:23:236:24":10,"s:236:30:236:38":42,"f:237:26:237:27":11,"s:237:33:237:45":43,"s:238:16:238:Infi
[...]
umn":8},"end":{"line":45,"column":35}},{"start":{"line":45,"column":35},"end":{"line":45,"column":74}}],"line":45},"11":{"loc":{"start":{"line":50,"column":6},"end":{"line":74,"column":null}},"type":"switch","locations":[{"start":{"line":51,"column":8},"end":{"line":52,"column":null}},{"start":{"line":53,"column":8},"end":{"line":60,"column":null}},{"start":{"line":61,"column":8},"end":{"line":62,"column":null}},{"start":{"line":63,"column":8},"end":{"line":71,"column":null}},{"start":{"line":72,"column":8},"end":{"line":73,"column":null}}],"line":50},"12":{"loc":{"start":{"line":54,"column":10},"end":{"line":59,"column":null}},"type":"if","locations":[{"start":{"line":54,"column":10},"end":{"line":59,"column":null}},{"start":{},"end":{}}],"line":54},"13":{"loc":{"start":{"line":55,"column":12},"end":{"line":56,"column":null}},"type":"binary-expr","locations":[{"start":{"line":55,"column":12},"end":{"line":55,"column":null}},{"start":{"line":56,"column":12},"end":{"line":56,"column":null}}],"line":55},"14":{"loc":{"start":{"line":64,"column":10},"end":{"line":70,"column":null}},"type":"if","locations":[{"start":{"line":64,"column":10},"end":{"line":70,"column":null}},{"start":{},"end":{}}],"line":64},"15":{"loc":{"start":{"line":77,"column":4},"end":{"line":94,"column":null}},"type":"if","locations":[{"start":{"line":77,"column":4},"end":{"line":94,"column":null}},{"start":{},"end":{}}],"line":77},"16":{"loc":{"start":{"line":81,"column":19},"end":{"line":81,"column":null}},"type":"cond-expr","locations":[{"start":{"line":81,"column":36},"end":{"line":81,"column":60}},{"start":{"line":81,"column":60},"end":{"line":81,"column":null}}],"line":81},"17":{"loc":{"start":{"line":82,"column":18},"end":{"line":88,"column":null}},"type":"cond-expr","locations":[{"start":{"line":83,"column":12},"end":{"line":87,"column":null}},{"start":{"line":88,"column":12},"end":{"line":88,"column":null}}],"line":82},"18":{"loc":{"start":{"line":86,"column":19},"end":{"line":86,"column":null}},"type":"binary-expr","locations":[{"start":{"line":86,"column":19},"end":{"line":86,"column":48}},{"start":{"line":86,"column":48},"end":{"line":86,"column":null}}],"line":86},"19":{"loc":{"start":{"line":103,"column":2},"end":{"line":105,"column":null}},"type":"if","locations":[{"start":{"line":103,"column":2},"end":{"line":105,"column":null}},{"start":{},"end":{}}],"line":103},"20":{"loc":{"start":{"line":103,"column":6},"end":{"line":103,"column":77}},"type":"binary-expr","locations":[{"start":{"line":103,"column":6},"end":{"line":103,"column":26}},{"start":{"line":103,"column":26},"end":{"line":103,"column":61}},{"start":{"line":103,"column":61},"end":{"line":103,"column":77}}],"line":103},"21":{"loc":{"start":{"line":110,"column":2},"end":{"line":125,"column":null}},"type":"switch","locations":[{"start":{"line":111,"column":4},"end":{"line":113,"column":null}},{"start":{"line":114,"column":4},"end":{"line":116,"column":null}},{"start":{"line":117,"column":4},"end":{"line":119,"column":null}},{"start":{"line":120,"column":4},"end":{"line":122,"column":null}},{"start":{"line":123,"column":4},"end":{"line":124,"column":null}}],"line":110},"22":{"loc":{"start":{"line":115,"column":36},"end":{"line":115,"column":65}},"type":"binary-expr","locations":[{"start":{"line":115,"column":36},"end":{"line":115,"column":64}},{"start":{"line":115,"column":64},"end":{"line":115,"column":65}}],"line":115},"23":{"loc":{"start":{"line":118,"column":37},"end":{"line":118,"column":66}},"type":"binary-expr","locations":[{"start":{"line":118,"column":37},"end":{"line":118,"column":65}},{"start":{"line":118,"column":65},"end":{"line":118,"column":66}}],"line":118},"24":{"loc":{"start":{"line":121,"column":35},"end":{"line":121,"column":64}},"type":"binary-expr","locations":[{"start":{"line":121,"column":35},"end":{"line":121,"column":63}},{"start":{"line":121,"column":63},"end":{"line":121,"column":64}}],"line":121},"25":{"loc":{"start":{"line":131,"column":2},"end":{"line":131,"column":null}},"type":"if","locations":[{"start":{"line":131,"column":2},"end":{"line":131,"column":null}},{"start":{},"end":{}}],"line":131},"26":{"loc":{"start":{"line":132,"column":2},"end":{"line":132,"column":null}},"type":"if","locations":[{"start":{"line":132,"column":2},"end":{"line":132,"column":null}},{"start":{},"end":{}}],"line":132},"27":{"loc":{"start":{"line":133,"column":2},"end":{"line":133,"column":null}},"type":"if","locations":[{"start":{"line":133,"column":2},"end":{"line":133,"column":null}},{"start":{},"end":{}}],"line":133},"28":{"loc":{"start":{"line":138,"column":2},"end":{"line":138,"column":null}},"type":"if","locations":[{"start":{"line":138,"column":2},"end":{"line":138,"column":null}},{"start":{},"end":{}}],"line":138}},"s":{"0":8,"1":20,"2":2,"3":18,"4":8,"5":4,"6":1,"7":3,"8":1,"9":2,"10":2,"11":1,"12":1,"13":0,"14":0,"15":0,"16":8,"17":0,"18":0,"19":0,"20":0,"21":0,"22":0,"23":0,"24":0,"25":0,"26":0,"27":0,"28":0,"29":0,"30":0,"31":0,"32":0,"33":0,"34":0,"35":0,"36":0,"37":0,"38":0,"39":0,"40":0,"41":8,"42":5,"43":2,"44":3,"45":3,"46":1,"47":1,"48":1,"49":1,"50":1,"51":1,"52":0,"53":0,"54":0,"55":3,"56":8,"57":15,"58":2,"59":13,"60":7,"61":6,"62":5,"63":1,"64":8,"65":13,"66":2,"67":11},"f":{"0":20,"1":4,"2":0,"3":0,"4":5,"5":15,"6":13},"b":{"0":[2,18],"1":[18,4],"2":[1,3],"3":[1,2],"4":[1,1],"5":[1,0],"6":[0,0],"7":[0,0],"8":[0,0],"9":[0,0],"10":[0,0],"11":[0,0,0,0,0],"12":[0,0],"13":[0,0],"14":[0,0],"15":[0,0],"16":[0,0],"17":[0,0],"18":[0,0],"19":[2,3],"20":[5,4,3],"21":[3,1,1,0,0],"22":[1,0],"23":[1,0],"24":[0,0],"25":[2,13],"26":[7,6],"27":[5,1],"28":[2,11]},"meta":{"lastBranch":29,"lastFunction":7,"lastStatement":68,"seen":{"s:14:25:17:Infinity":0,"f:14:25:14:26":0,"b:15:2:15:Infinity:undefined:undefined:undefined:undefined":0,"s:15:2:15:Infinity":1,"s:15:17:15:Infinity":2,"s:16:2:16:Infinity":3,"b:16:2:16:39:16:39:16:Infinity":1,"s:19:32:30:Infinity":4,"f:19:32:19:Infinity":1,"b:22:2:22:Infinity:undefined:undefined:undefined:undefined":2,"s:22:2:22:Infinity":5,"s:22:22:22:Infinity":6,"b:24:2:24:Infinity:undefined:undefined:undefined:undefined":3,"s:24:2:24:Infinity":7,"s:24:32:24:Infinity":8,"b:25:2:25:Infinity:undefined:undefined:undefined:undefined":4,"s:25:2:25:Infinity":9,"s:25:30:25:Infinity":10,"b:26:2:26:Infinity:undefined:undefined:undefined:undefined":5,"s:26:2:26:Infinity":11,"s:26:33:26:Infinity":12,"b:27:2:27:Infinity:undefined:undefined:undefined:undefined":6,"s:27:2:27:Infinity":13,"s:27:33:27:Infinity":14,"s:29:2:29:Infinity":15,"s:32:39:100:Infinity":16,"f:32:39:32:Infinity":2,"b:37:2:39:Infinity:undefined:undefined:undefined:undefined":7,"s:37:2:39:Infinity":17,"b:37:6:37:26:37:26:37:59":8,"s:38:4:38:Infinity":18,"s:41:28:41:Infinity":19,"s:42:20:42:Infinity":20,"s:44:2:97:Infinity":21,"b:45:4:47:Infinity:undefined:undefined:undefined:undefined":9,"s:45:4:47:Infinity":22,"b:45:8:45:35:45:35:45:74":10,"s:46:6:46:Infinity":23,"s:49:25:75:Infinity":24,"f:49:25:49:40":3,"b:51:8:52:Infinity:53:8:60:Infinity:61:8:62:Infinity:63:8:71:Infinity:72:8:73:Infinity":11,"s:50:6:74:Infinity":25,"s:52:10:52:Infinity":26,"b:54:10:59:Infinity:undefined:undefined:undefined:undefined":12,"s:54:10:59:Infinity":27,"b:55:12:55:Infinity:56:12:56:Infinity":13,"s:58:12:58:Infinity":28,"s:60:10:60:Infinity":29,"s:62:10:62:Infinity":30,"b:64:10:70:Infinity:undefined:undefined:undefined:undefined":14,"s:64:10:70:Infinity":31,"s:65:29:68:Infinity":32,"s:69:12:69:Infinity":33,"s:71:10:71:Infinity":34,"s:73:10:73:Infinity":35,"b:77:4:94:Infinity:undefined:undefined:undefined:undefined":15,"s:77:4:94:Infinity":36,"s:78:29:92:Infinity":37,"b:81:36:81:60:81:60:81:Infinity":16,"b:83:12:87:Infinity:88:12:88:Infinity":17,"b:86:19:86:48:86:48:86:Infinity":18,"s:93:6:93:Infinity":38,"s:96:4:96:Infinity":39,"s:99:2:99:Infinity":40,"s:102:33:128:Infinity":41,"f:102:33:102:34":4,"b:103:2:105:Infinity:undefined:undefined:undefined:undefined":19,"s:103:2:105:Infinity":42,"b:103:6:103:26:103:26:103:61:103:61:103:77":20,"s:104:4:104:Infinity":43,"s:107:19:107:Infinity":44,"b:111:4:113:Infinity:114:4:116:Infinity:117:4:119:Infinity:120:4:122:Infinity:123:4:124:Infinity":21,"s:110:2:125:Infinity":45,"s:112:6:112:Infinity":46,"s:113:6:113:Infinity":47,"s:115:6:115:Infinity":48,"b:115:36:115:64:115:64:115:65":22,"s:116:6:116:Infinity":49,"s:118:6:118:Infinity":50,"b:118:37:118:65:118:65:118:66":23,"s:119:6:119:Infinity":51,"s:121:6:121:Infinity":52,"b:121:35:121:63:121:63:121:64":24,"s:122:6:122:Infinity":53,"s:124:6:124:Infinity":54,"s:127:2:127:Infinity":55,"s:130:30:135:Infinity":56,"f:130:30:130:31":5,"b:131:2:131:Infinity:undefined:undefined:undefined:undefined":25,"s:131:2:131:Infinity":57,"s:131:13:131:Infinity":58,"b:132:2:132:Infinity:undefined:undefined:undefined:undefined":26,"s:132:2:132:Infinity":59,"s:132:21:132:Infinity":60,"b:133:2:133:Infinity:undefined:undefined:undefined:undefined":27,"s:133:2:133:Infinity":61,"s:133:24:133:Infinity":62,"s:134:2:134:Infinity":63,"s:137:30:140:Infinity":64,"f:137:30:137:31":6,"b:138:2:138:Infinity:undefined:undefined:undefined:undefined":28,"s:138:2:138:Infinity":65,"s:138:13:138:Infinity":66,"s:139:2:139:Infinity":67}}}
,"/home/obi-wan/pets/to-do/TO-DO-LIST1/src/utils/kanbanUtils.ts": {"path":"/home/obi-wan/pets/to-do/TO-DO-LIST1/src/utils/kanbanUtils.ts","statementMap":{"0":{"start":{"line":7,"column":5},"end":{"line":13,"column":null}},"1":{"start":{"line":17,"column":2},"end":{"line":17,"column":null}},"2":{"start":{"line":22,"column":2},"end":{"line":22,"column":null}},"3":{"start":{"line":26,"column":2},"end":{"line":26,"column":null}},"4":{"start":{"line":26,"column":40},"end":{"line":26,"column":68}}},"fnMap":{"0":{"name":"mapToKanbanStatus","decl":{"start":{"line":15,"column":16},"end":{"line":15,"column":34}},"loc":{"start":{"line":15,"column":72},"end":{"line":18,"column":null}},"line":15},"1":{"name":"kanbanToTaskStatus","decl":{"start":{"line":20,"column":16},"end":{"line":20,"column":35}},"loc":{"start":{"line":20,"column":69},"end":{"line":23,"column":null}},"line":20},"2":{"name":"getVisibleColumns","decl":{"start":{"line":25,"column":16},"end":{"line":25,"column":34}},"loc":{"start":{"line":25,"column":57},"end":{"line":27,"column":null}},"line":25},"3":{"name":"(anonymous_3)","decl":{"start":{"line":26,"column":31},"end":{"line":26,"column":32}},"loc":{"start":{"line":26,"column":40},"end":{"line":26,"column":68}},"line":26}},"branchMap":{"0":{"loc":{"start":{"line":26,"column":40},"end":{"line":26,"column":68}},"type":"binary-expr","locations":[{"start":{"line":26,"column":40},"end":{"line":26,"column":55}},{"start":{"line":26,"column":55},"end":{"line":26,"column":68}}],"line":26}},"s":{"0":5,"1":28,"2":5,"3":5,"4":25},"f":{"0":28,"1":5,"2":5,"3":25},"b":{"0":[25,5]},"meta":{"lastBranch":1,"lastFunction":4,"lastStatement":5,"seen":{"s:7:5:13:Infinity":0,"f:15:16:15:34":0,"s:17:2:17:Infinity":1,"f:20:16:20:35":1,"s:22:2:22:Infinity":2,"f:25:16:25:34":2,"s:26:2:26:Infinity":3,"f:26:31:26:32":3,"s:26:40:26:68":4,"b:26:40:26:55:26:55:26:68":0}}}
,"/home/obi-wan/pets/to-do/TO-DO-LIST1/src/utils/storage.ts": {"path":"/home/obi-wan/pets/to-do/TO-DO-LIST1/src/utils/storage.ts","statementMap":{"0":{"start":{"line":3,"column":26},"end":{"line":3,"column":null}},"1":{"start":{"line":4,"column":25},"end":{"line":4,"column":null}},"2":{"start":{"line":5,"column":27},"end":{"line":5,"column":null}},"3":{"start":{"line":12,"column":33},"end":{"line":47,"column":null}},"4":{"start":{"line":13,"column":2},"end":{"line":46,"column":null}},"5":{"start":{"line":14,"column":23},"end":{"line":14,"column":null}},"6":{"start":{"line":15,"column":4},"end":{"line":15,"column":null}},"7":{"start":{"line":15,"column":21},"end":{"line":15,"column":null}},"8":{"start":{"line":17,"column":24},"end":{"line":17,"column":null}},"9":{"start":{"line":18,"column":4},"end":{"line":18,"column":null}},"10":{"start":{"line":18,"column":37},"end":{"line":18,"column":null}},"11":{"start":{"line":20,"column":34},"end":{"line":37,"column":null}},"12":{"start":{"line":21,"column":67},"end":{"line":36,"column":null}},"13":{"start":{"line":39,"column":25},"end":{"line":39,"column":null}},"14":{"start":{"line":40,"column":21},"end":{"line":40,"column":null}},"15":{"start":{"line":42,"column":4},"end":{"line":42,"column":null}},"16":{"start":{"line":43,"column":4},"end":{"line":43,"column":null}},"17":{"start":{"line":45,"column":4},"end":{"line":45,"column":null}},"18":{"start":{"line":49,"column":24},"end":{"line":78,"column":null}},"19":{"start":{"line":50,"column":2},"end":{"line":77,"column":null}},"20":{"start":{"line":51,"column":22},"end":{"line":51,"column":null}},"21":{"start":{"line":52,"column":21},"end":{"line":52,"column":null}},"22":{"start":{"line":54,"column":26},"end":{"line":69,"column":null}},"23":{"start":{"line":55,"column":51},"end":{"line":68,"column":10}},"24":{"start":{"line":63,"column":45},"end":{"line":67,"column":14}},"25":{"start":{"line":71,"column":24},"end":{"line":71,"column":null}},"26":{"start":{"line":73,"column":4},"end":{"line":73,"column":null}},"27":{"start":{"line":75,"column":4},"end":{"line":75,"column":null}},"28":{"start":{"line":76,"column":4},"end":{"line":76,"column":null}},"29":{"start":{"line":80,"column":24},"end":{"line":87,"column":null}},"30":{"start":{"line":81,"column":2},"end":{"line":86,"column":null}},"31":{"start":{"line":82,"column":4},"end":{"line":82,"column":null}},"32":{"start":{"line":83,"column":4},"end":{"line":83,"column":null}},"33":{"start":{"line":85,"column":4},"end":{"line":85,"column":null}},"34":{"start":{"line":89,"column":25},"end":{"line":92,"column":null}},"35":{"start":{"line":90,"column":2},"end":{"line":90,"column":null}},"36":{"start":{"line":91,"column":2},"end":{"line":91,"column":null}}},"fnMap":{"0":{"name":"(anonymous_0)","decl":{"start":{"line":12,"column":33},"end":{"line":12,"column":45}},"loc":{"start":{"line":12,"column":45},"end":{"line":47,"column":null}},"line":12},"1":{"name":"(anonymous_1)","decl":{"start":{"line":21,"column":6},"end":{"line":21,"column":7}},"loc":{"start":{"line":21,"column":67},"end":{"line":36,"column":null}},"line":21},"2":{"name":"(anonymous_2)","decl":{"start":{"line":49,"column":24},"end":{"line":49,"column":43}},"loc":{"start":{"line":49,"column":43},"end":{"line":78,"column":null}},"line":49},"3":{"name":"(anonymous_3)","decl":{"start":{"line":55,"column":34},"end":{"line":55,"column":35}},"loc":{"start":{"line":55,"column":51},"end":{"line":68,"column":10}},"line":55},"4":{"name":"(anonymous_4)","decl":{"start":{"line":63,"column":31},"end":{"line":63,"column":32}},"loc":{"start":{"line":63,"column":45},"end":{"line":67,"column":14}},"line":63},"5":{"name":"(anonymous_5)","decl":{"start":{"line":80,"column":24},"end":{"line":80,"column":25}},"loc":{"start":{"line":80,"column":53},"end":{"line":87,"column":null}},"line":80},"6":{"name":"(anonymous_6)","decl":{"start":{"line":89,"column":25},"end":{"line":89,"column":37}},"loc":{"start":{"line":89,"column":37},"end":{"line":92,"column":null}},"line":89}},"branchMap":{"0":{"loc":{"start":{"line":15,"column":4},"end":{"line":15,"column":null}},"type":"if","locations":[{"start":{"line":15,"column":4},"end":{"line":15,"column":null}},{"start":{},"end":{}}],"line":15},"1":{"loc":{"start":{"line":18,"column":4},"end":{"line":18,"column":null}},"type":"if","locations":[{"start":{"line":18,"column":4},"end":{"line":18,"column":null}},{"start":{},"end":{}}],"line":18},"2":{"loc":{"start":{"line":22,"column":12},"end":{"line":22,"column":null}},"type":"binary-expr","locations":[{"start":{"line":22,"column":12},"end":{"line":22,"column":23}},{"start":{"line":22,"column":23},"end":{"line":22,"column":null}}],"line":22},"3":{"loc":{"start":{"line":23,"column":15},"end":{"line":23,"column":null}},"type":"binary-expr","locations":[{"start":{"line":23,"column":15},"end":{"line":23,"column":28}},{"start":{"line":23,"column":28},"end":{"line":23,"column":null}}],"line":23},"4":{"loc":{"start":{"line":27,"column":16},"end":{"line":27,"column":null}},"type":"cond-expr","locations":[{"start":{"line":27,"column":33},"end":{"line":27,"column":47}},{"start":{"line":27,"column":47},"end":{"line":27,"column":null}}],"line":27},"5":{"loc":{"start":{"line":34,"column":21},"end":{"line":34,"column":null}},"type":"cond-expr","locations":[{"start":{"line":34,"column":38},"end":{"line":34,"column":51}},{"start":{"line":34,"column":51},"end":{"line":34,"column":null}}],"line":34},"6":{"loc":{"start":{"line":54,"column":26},"end":{"line":69,"column":null}},"type":"cond-expr","locations":[{"start":{"line":55,"column":8},"end":{"line":68,"column":null}},{"start":{"line":69,"column":8},"end":{"line":69,"column":null}}],"line":54},"7":{"loc":{"start":{"line":57,"column":21},"end":{"line":57,"column":null}},"type":"cond-expr","locations":[{"start":{"line":57,"column":38},"end":{"line":57,"column":65}},{"start":{"line":57,"column":65},"end":{"line":57,"column":null}}],"line":57},"8":{"loc":{"start":{"line":58,"column":20},"end":{"line":58,"column":null}},"type":"cond-expr","locations":[{"start":{"line":58,"column":36},"end":{"line":58,"column":62}},{"start":{"line":58,"column":62},"end":{"line":58,"column":null}}],"line":58},"9":{"loc":{"start":{"line":61,"column":23},"end":{"line":61,"column":null}},"type":"cond-expr","locations":[{"start":{"line":61,"column":42},"end":{"line":61,"column":71}},{"start":{"line":61,"column":71},"end":{"line":61,"column":null}}],"line":61},"10":{"loc":{"start":{"line":63,"column":12},"end":{"line":67,"column":null}},"type":"binary-expr","locations":[{"start":{"line":63,"column":12},"end":{"line":67,"column":19}},{"start":{"line":67,"column":19},"end":{"line":67,"column":null}}],"line":63},"11":{"loc":{"start":{"line":71,"column":24},"end":{"line":71,"column":null}},"type":"cond-expr","locations":[{"start":{"line":71,"column":35},"end":{"line":71,"column":58}},{"start":{"line":71,"column":58},"end":{"line":71,"column":null}}],"line":71}},"s":{"0":1,"1":1,"2":1,"3":1,"4":2,"5":2,"6":2,"7":1,"8":1,"9":1,"10":0,"11":1,"12":2,"13":1,"14":1,"15":1,"16":1,"17":0,"18":1,"19":5,"20":5,"21":5,"22":5,"23":1,"24":0,"25":5,"26":5,"27":1,"28":1,"29":1,"30":2,"31":2,"32":2,"33":0,"34":1,"35":1,"36":1},"f":{"0":2,"1":2,"2":5,"3":1,"4":0,"5":2,"6":1},"b":{"0":[1,1],"1":[0,1],"2":[2,0],"3":[2,0],"4":[1,1],"5":[1,1],"6":[2,3],"7":[0,1],"8":[0,1],"9":[0,1],"10":[1,0],"11":[1,3]},"meta":{"lastBranch":12,"lastFunction":7,"lastStatement":37,"seen":{"s:3:26:3:Infinity":0,"s:4:25:4:Infinity":1,"s:5:27:5:Infinity":2,"s:12:33:47:Infinity":3,"f:12:33:12:45":0,"s:13:2:46:Infinity":4,"s:14:23:14:Infinity":5,"b:15:4:15:Infinity:undefined:undefined:undefined:undefined":0,"s:15:4:15:Infinity":6,"s:15:21:15:Infinity":7,"s:17:24:17:Infinity":8,"b:18:4:18:Infinity:undefined:undefined:undefined:undefined":1,"s:18:4:18:Infinity":9,"s:18:37:18:Infinity":10,"s:20:34:37:Infinity":11,"f:21:6:21:7":1,"s:21:67:36:Infinity":12,"b:22:12:22:23:22:23:22:Infinity":2,"b:23:15:23:28:23:28:23:Infinity":3,"b:27:33:27:47:27:47:27:Infinity":4,"b:34:38:34:51:34:51:34:Infinity":5,"s:39:25:39:Infinity":13,"s:40:21:40:Infinity":14,"s:42:4:42:Infinity":15,"s:43:4:43:Infinity":16,"s:45:4:45:Infinity":17,"s:49:24:78:Infinity":18,"f:49:24:49:43":2,"s:50:2:77:Infinity":19,"s:51:22:51:Infinity":20,"s:52:21:52:Infinity":21,"s:54:26:69:Infinity":22,"b:55:8:68:Infinity:69:8:69:Infinity":6,"f:55:34:55:35":3,"s:55:51:68:10":23,"b:57:38:57:65:57:65:57:Infinity":7,"b:58:36:58:62:58:62:58:Infinity":8,"b:61:42:61:71:61:71:61:Infinity":9,"b:63:12:67:19:67:19:67:Infinity":10,"f:63:31:63:32":4,"s:63:45:67:14":24,"s:71:24:71:Infinity":25,"b:71:35:71:58:71:58:71:Infinity":11,"s:73:4:73:Infinity":26,"s:75:4:75:Infinity":27,"s:76:4:76:Infinity":28,"s:80:24:87:Infinity":29,"f:80:24:80:25":5,"s:81:2:86:Infinity":30,"s:82:4:82:Infinity":31,"s:83:4:83:Infinity":32,"s:85:4:85:Infinity":33,"s:89:25:92:Infinity":34,"f:89:25:89:37":6,"s:90:2:90:Infinity":35,"s:91:2:91:Infinity":36}}}
}
